[  0%] Built target sensor_msgs_generate_messages_cpp
[  0%] Built target std_msgs_generate_messages_cpp
[  0%] Built target sensor_msgs_generate_messages_py
[  0%] Built target std_msgs_generate_messages_py
[  0%] Built target std_msgs_generate_messages_eus
[  0%] Built target sensor_msgs_generate_messages_eus
[  0%] Built target sensor_msgs_generate_messages_lisp
[  0%] Built target sensor_msgs_generate_messages_nodejs
[  0%] Built target std_msgs_generate_messages_lisp
[  0%] Built target std_msgs_generate_messages_nodejs
[  0%] Built target _ros_vision_pipeline_generate_messages_check_deps_ColourDepth
[  0%] Built target _ros_vision_pipeline_generate_messages_check_deps_Detection
[  7%] [34m[1mGenerating Python from MSG ros_vision_pipeline/ColourDepth[0m
[ 15%] [34m[1mGenerating Python code from SRV ros_vision_pipeline/Detection[0m
[ 23%] [34m[1mGenerating C++ code from ros_vision_pipeline/ColourDepth.msg[0m
[ 30%] [34m[1mGenerating EusLisp code from ros_vision_pipeline/Detection.srv[0m
[ 38%] [34m[1mGenerating EusLisp manifest code for ros_vision_pipeline[0m
[ 46%] [34m[1mGenerating EusLisp code from ros_vision_pipeline/ColourDepth.msg[0m
[ 53%] [34m[1mGenerating Javascript code from ros_vision_pipeline/ColourDepth.msg[0m
[ 61%] [34m[1mGenerating C++ code from ros_vision_pipeline/Detection.srv[0m
[ 69%] [34m[1mGenerating Lisp code from ros_vision_pipeline/ColourDepth.msg[0m
[ 76%] [34m[1mGenerating Javascript code from ros_vision_pipeline/Detection.srv[0m
[ 84%] [34m[1mGenerating Lisp code from ros_vision_pipeline/Detection.srv[0m
[ 84%] Built target ros_vision_pipeline_generate_messages_lisp
[ 84%] Built target ros_vision_pipeline_generate_messages_nodejs
[ 92%] [34m[1mGenerating Python msg __init__.py for ros_vision_pipeline[0m
[100%] [34m[1mGenerating Python srv __init__.py for ros_vision_pipeline[0m
[100%] Built target ros_vision_pipeline_generate_messages_cpp
[100%] Built target ros_vision_pipeline_generate_messages_py
[100%] Built target ros_vision_pipeline_generate_messages_eus
[100%] Built target ros_vision_pipeline_generate_messages
