Symlinking /home/docker/catkin_ws/devel/lib/pkgconfig/ros_vision_pipeline.pc
Symlinking /home/docker/catkin_ws/devel/lib/python3/dist-packages/ros_vision_pipeline/__init__.py
Symlinking /home/docker/catkin_ws/devel/lib/python3/dist-packages/ros_vision_pipeline/msg/_ColourDepth.py
Symlinking /home/docker/catkin_ws/devel/lib/python3/dist-packages/ros_vision_pipeline/msg/__init__.py
Symlinking /home/docker/catkin_ws/devel/lib/python3/dist-packages/ros_vision_pipeline/srv/__init__.py
Symlinking /home/docker/catkin_ws/devel/lib/python3/dist-packages/ros_vision_pipeline/srv/_Detection.py
Symlinking /home/docker/catkin_ws/devel/share/common-lisp/ros/ros_vision_pipeline/msg/ros_vision_pipeline-msg.asd
Symlinking /home/docker/catkin_ws/devel/share/common-lisp/ros/ros_vision_pipeline/msg/_package_ColourDepth.lisp
Symlinking /home/docker/catkin_ws/devel/share/common-lisp/ros/ros_vision_pipeline/msg/ColourDepth.lisp
Symlinking /home/docker/catkin_ws/devel/share/common-lisp/ros/ros_vision_pipeline/msg/_package.lisp
Symlinking /home/docker/catkin_ws/devel/share/common-lisp/ros/ros_vision_pipeline/srv/ros_vision_pipeline-srv.asd
Symlinking /home/docker/catkin_ws/devel/share/common-lisp/ros/ros_vision_pipeline/srv/_package_Detection.lisp
Symlinking /home/docker/catkin_ws/devel/share/common-lisp/ros/ros_vision_pipeline/srv/Detection.lisp
Symlinking /home/docker/catkin_ws/devel/share/common-lisp/ros/ros_vision_pipeline/srv/_package.lisp
Symlinking /home/docker/catkin_ws/devel/share/roseus/ros/ros_vision_pipeline/manifest.l
Symlinking /home/docker/catkin_ws/devel/share/roseus/ros/ros_vision_pipeline/msg/ColourDepth.l
Symlinking /home/docker/catkin_ws/devel/share/roseus/ros/ros_vision_pipeline/srv/Detection.l
Symlinking /home/docker/catkin_ws/devel/share/gennodejs/ros/ros_vision_pipeline/_index.js
Symlinking /home/docker/catkin_ws/devel/share/gennodejs/ros/ros_vision_pipeline/msg/ColourDepth.js
Symlinking /home/docker/catkin_ws/devel/share/gennodejs/ros/ros_vision_pipeline/msg/_index.js
Symlinking /home/docker/catkin_ws/devel/share/gennodejs/ros/ros_vision_pipeline/srv/Detection.js
Symlinking /home/docker/catkin_ws/devel/share/gennodejs/ros/ros_vision_pipeline/srv/_index.js
Symlinking /home/docker/catkin_ws/devel/share/ros_vision_pipeline/cmake/ros_vision_pipelineConfig-version.cmake
Symlinking /home/docker/catkin_ws/devel/share/ros_vision_pipeline/cmake/ros_vision_pipelineConfig.cmake
Symlinking /home/docker/catkin_ws/devel/share/ros_vision_pipeline/cmake/ros_vision_pipeline-msg-extras.cmake
Symlinking /home/docker/catkin_ws/devel/share/ros_vision_pipeline/cmake/ros_vision_pipeline-msg-paths.cmake
Symlinking /home/docker/catkin_ws/devel/include/ros_vision_pipeline/ColourDepth.h
Symlinking /home/docker/catkin_ws/devel/include/ros_vision_pipeline/Detection.h
Symlinking /home/docker/catkin_ws/devel/include/ros_vision_pipeline/DetectionRequest.h
Symlinking /home/docker/catkin_ws/devel/include/ros_vision_pipeline/DetectionResponse.h
