Symlinking /home/docker/catkin_ws/devel/lib/pkgconfig/rospy_message_converter.pc
Symlinking /home/docker/catkin_ws/devel/lib/python3/dist-packages/rospy_message_converter/__init__.py
Symlinking /home/docker/catkin_ws/devel/lib/python3/dist-packages/rospy_message_converter/msg/_TestArray.py
Symlinking /home/docker/catkin_ws/devel/lib/python3/dist-packages/rospy_message_converter/msg/_NestedUint8ArrayTestMessage.py
Symlinking /home/docker/catkin_ws/devel/lib/python3/dist-packages/rospy_message_converter/msg/_Uint8ArrayTestMessage.py
Symlinking /home/docker/catkin_ws/devel/lib/python3/dist-packages/rospy_message_converter/msg/__init__.py
Symlinking /home/docker/catkin_ws/devel/lib/python3/dist-packages/rospy_message_converter/msg/_Uint8Array3TestMessage.py
Symlinking /home/docker/catkin_ws/devel/lib/python3/dist-packages/rospy_message_converter/srv/_NestedUint8ArrayTestService.py
Symlinking /home/docker/catkin_ws/devel/lib/python3/dist-packages/rospy_message_converter/srv/__init__.py
Symlinking /home/docker/catkin_ws/devel/share/common-lisp/ros/rospy_message_converter/msg/NestedUint8ArrayTestMessage.lisp
Symlinking /home/docker/catkin_ws/devel/share/common-lisp/ros/rospy_message_converter/msg/_package_Uint8Array3TestMessage.lisp
Symlinking /home/docker/catkin_ws/devel/share/common-lisp/ros/rospy_message_converter/msg/_package_NestedUint8ArrayTestMessage.lisp
Symlinking /home/docker/catkin_ws/devel/share/common-lisp/ros/rospy_message_converter/msg/TestArray.lisp
Symlinking /home/docker/catkin_ws/devel/share/common-lisp/ros/rospy_message_converter/msg/_package_Uint8ArrayTestMessage.lisp
Symlinking /home/docker/catkin_ws/devel/share/common-lisp/ros/rospy_message_converter/msg/Uint8ArrayTestMessage.lisp
Symlinking /home/docker/catkin_ws/devel/share/common-lisp/ros/rospy_message_converter/msg/_package.lisp
Symlinking /home/docker/catkin_ws/devel/share/common-lisp/ros/rospy_message_converter/msg/Uint8Array3TestMessage.lisp
Symlinking /home/docker/catkin_ws/devel/share/common-lisp/ros/rospy_message_converter/msg/_package_TestArray.lisp
Symlinking /home/docker/catkin_ws/devel/share/common-lisp/ros/rospy_message_converter/msg/rospy_message_converter-msg.asd
Symlinking /home/docker/catkin_ws/devel/share/common-lisp/ros/rospy_message_converter/srv/rospy_message_converter-srv.asd
Symlinking /home/docker/catkin_ws/devel/share/common-lisp/ros/rospy_message_converter/srv/_package.lisp
Symlinking /home/docker/catkin_ws/devel/share/common-lisp/ros/rospy_message_converter/srv/_package_NestedUint8ArrayTestService.lisp
Symlinking /home/docker/catkin_ws/devel/share/common-lisp/ros/rospy_message_converter/srv/NestedUint8ArrayTestService.lisp
Symlinking /home/docker/catkin_ws/devel/share/roseus/ros/rospy_message_converter/manifest.l
Symlinking /home/docker/catkin_ws/devel/share/roseus/ros/rospy_message_converter/msg/TestArray.l
Symlinking /home/docker/catkin_ws/devel/share/roseus/ros/rospy_message_converter/msg/Uint8ArrayTestMessage.l
Symlinking /home/docker/catkin_ws/devel/share/roseus/ros/rospy_message_converter/msg/Uint8Array3TestMessage.l
Symlinking /home/docker/catkin_ws/devel/share/roseus/ros/rospy_message_converter/msg/NestedUint8ArrayTestMessage.l
Symlinking /home/docker/catkin_ws/devel/share/roseus/ros/rospy_message_converter/srv/NestedUint8ArrayTestService.l
Symlinking /home/docker/catkin_ws/devel/share/gennodejs/ros/rospy_message_converter/_index.js
Symlinking /home/docker/catkin_ws/devel/share/gennodejs/ros/rospy_message_converter/msg/Uint8ArrayTestMessage.js
Symlinking /home/docker/catkin_ws/devel/share/gennodejs/ros/rospy_message_converter/msg/NestedUint8ArrayTestMessage.js
Symlinking /home/docker/catkin_ws/devel/share/gennodejs/ros/rospy_message_converter/msg/TestArray.js
Symlinking /home/docker/catkin_ws/devel/share/gennodejs/ros/rospy_message_converter/msg/Uint8Array3TestMessage.js
Symlinking /home/docker/catkin_ws/devel/share/gennodejs/ros/rospy_message_converter/msg/_index.js
Symlinking /home/docker/catkin_ws/devel/share/gennodejs/ros/rospy_message_converter/srv/NestedUint8ArrayTestService.js
Symlinking /home/docker/catkin_ws/devel/share/gennodejs/ros/rospy_message_converter/srv/_index.js
Symlinking /home/docker/catkin_ws/devel/share/rospy_message_converter/cmake/rospy_message_converter-msg-extras.cmake
Symlinking /home/docker/catkin_ws/devel/share/rospy_message_converter/cmake/rospy_message_converterConfig-version.cmake
Symlinking /home/docker/catkin_ws/devel/share/rospy_message_converter/cmake/rospy_message_converter-msg-paths.cmake
Symlinking /home/docker/catkin_ws/devel/share/rospy_message_converter/cmake/rospy_message_converterConfig.cmake
Symlinking /home/docker/catkin_ws/devel/include/rospy_message_converter/NestedUint8ArrayTestMessage.h
Symlinking /home/docker/catkin_ws/devel/include/rospy_message_converter/TestArray.h
Symlinking /home/docker/catkin_ws/devel/include/rospy_message_converter/NestedUint8ArrayTestService.h
Symlinking /home/docker/catkin_ws/devel/include/rospy_message_converter/Uint8Array3TestMessage.h
Symlinking /home/docker/catkin_ws/devel/include/rospy_message_converter/NestedUint8ArrayTestServiceResponse.h
Symlinking /home/docker/catkin_ws/devel/include/rospy_message_converter/NestedUint8ArrayTestServiceRequest.h
Symlinking /home/docker/catkin_ws/devel/include/rospy_message_converter/Uint8ArrayTestMessage.h
