[  0%] Built target geometry_msgs_generate_messages_py
[  0%] Built target std_msgs_generate_messages_py
[  0%] Built target sensor_msgs_generate_messages_py
[  0%] Built target _context_action_framework_generate_messages_check_deps_Gap
[  0%] Built target _context_action_framework_generate_messages_check_deps_VisionDetection
[  0%] Built target sensor_msgs_generate_messages_cpp
[  0%] Built target geometry_msgs_generate_messages_cpp
[  0%] Built target std_msgs_generate_messages_cpp
[  0%] Built target _context_action_framework_generate_messages_check_deps_MoveBlock
[  0%] Built target _context_action_framework_generate_messages_check_deps_Gaps
[  0%] Built target sensor_msgs_generate_messages_eus
[  0%] Built target std_msgs_generate_messages_eus
[  0%] Built target _context_action_framework_generate_messages_check_deps_ViceBlock
[  0%] Built target _context_action_framework_generate_messages_check_deps_Detection
[  0%] Built target _context_action_framework_generate_messages_check_deps_Detections
[  0%] Built target _context_action_framework_generate_messages_check_deps_PushBlock
[  0%] Built target _context_action_framework_generate_messages_check_deps_VisionBlock
[  0%] Built target geometry_msgs_generate_messages_eus
[  0%] Built target _context_action_framework_generate_messages_check_deps_TurnOverBlock
[  0%] Built target _context_action_framework_generate_messages_check_deps_PushDetails
[  0%] Built target sensor_msgs_generate_messages_lisp
[  0%] Built target std_msgs_generate_messages_lisp
[  0%] Built target std_msgs_generate_messages_nodejs
[  0%] Built target _context_action_framework_generate_messages_check_deps_LeverBlock
[  0%] Built target geometry_msgs_generate_messages_lisp
[  0%] Built target sensor_msgs_generate_messages_nodejs
[  0%] Built target geometry_msgs_generate_messages_nodejs
[  0%] Built target _context_action_framework_generate_messages_check_deps_CutBlock
[  0%] Built target _context_action_framework_generate_messages_check_deps_CutDetails
[  0%] Built target _context_action_framework_generate_messages_check_deps_TurnOverDetails
[  0%] Built target _context_action_framework_generate_messages_check_deps_LeverDetails
[  0%] Built target _context_action_framework_generate_messages_check_deps_MoveDetails
[  0%] Built target _context_action_framework_generate_messages_check_deps_ViceDetails
[  0%] Built target _context_action_framework_generate_messages_check_deps_NextAction
[  0%] Built target _context_action_framework_generate_messages_check_deps_VisionDetails
[  1%] [34m[1mGenerating C++ code from context_action_framework/Detections.msg[0m
[  2%] [34m[1mGenerating C++ code from context_action_framework/Gap.msg[0m
[  4%] [34m[1mGenerating C++ code from context_action_framework/Gaps.msg[0m
[  4%] [34m[1mGenerating C++ code from context_action_framework/Detection.msg[0m
[  5%] [34m[1mGenerating EusLisp code from context_action_framework/Detection.msg[0m
[  6%] [34m[1mGenerating C++ code from context_action_framework/LeverBlock.msg[0m
[  6%] [34m[1mGenerating C++ code from context_action_framework/CutBlock.msg[0m
[  7%] [34m[1mGenerating EusLisp code from context_action_framework/Detections.msg[0m
[  8%] [34m[1mGenerating C++ code from context_action_framework/MoveBlock.msg[0m
[  9%] [34m[1mGenerating C++ code from context_action_framework/ViceBlock.msg[0m
[ 10%] [34m[1mGenerating Lisp code from context_action_framework/Detections.msg[0m
[ 14%] [34m[1mGenerating C++ code from context_action_framework/TurnOverBlock.msg[0m
[ 14%] [34m[1mGenerating Lisp code from context_action_framework/Detection.msg[0m
[ 14%] [34m[1mGenerating EusLisp code from context_action_framework/Gap.msg[0m
[ 15%] [34m[1mGenerating Javascript code from context_action_framework/Detection.msg[0m
[ 16%] [34m[1mGenerating C++ code from context_action_framework/PushBlock.msg[0m
[ 18%] [34m[1mGenerating EusLisp code from context_action_framework/CutBlock.msg[0m
[ 18%] [34m[1mGenerating EusLisp code from context_action_framework/Gaps.msg[0m
[ 20%] [34m[1mGenerating C++ code from context_action_framework/VisionBlock.msg[0m
[ 20%] [34m[1mGenerating Python from MSG context_action_framework/Detection[0m
[ 21%] [34m[1mGenerating Javascript code from context_action_framework/Detections.msg[0m
[ 25%] [34m[1mGenerating Lisp code from context_action_framework/Gaps.msg[0m
[ 25%] [34m[1mGenerating Python from MSG context_action_framework/Detections[0m
[ 25%] [34m[1mGenerating EusLisp code from context_action_framework/LeverBlock.msg[0m
[ 26%] [34m[1mGenerating Lisp code from context_action_framework/CutBlock.msg[0m
[ 27%] [34m[1mGenerating Javascript code from context_action_framework/Gap.msg[0m
[ 28%] [34m[1mGenerating Python from MSG context_action_framework/Gap[0m
[ 29%] [34m[1mGenerating C++ code from context_action_framework/CutDetails.msg[0m
[ 30%] [34m[1mGenerating Lisp code from context_action_framework/Gap.msg[0m
[ 31%] [34m[1mGenerating EusLisp code from context_action_framework/MoveBlock.msg[0m
[ 32%] [34m[1mGenerating EusLisp code from context_action_framework/PushBlock.msg[0m
[ 33%] [34m[1mGenerating EusLisp code from context_action_framework/TurnOverBlock.msg[0m
[ 35%] [34m[1mGenerating C++ code from context_action_framework/LeverDetails.msg[0m
[ 35%] [34m[1mGenerating Javascript code from context_action_framework/Gaps.msg[0m
[ 36%] [34m[1mGenerating EusLisp code from context_action_framework/ViceBlock.msg[0m
[ 38%] [34m[1mGenerating Lisp code from context_action_framework/LeverBlock.msg[0m
[ 39%] [34m[1mGenerating Javascript code from context_action_framework/CutBlock.msg[0m
[ 40%] [34m[1mGenerating EusLisp code from context_action_framework/VisionBlock.msg[0m
[ 41%] [34m[1mGenerating Python from MSG context_action_framework/Gaps[0m
[ 42%] [34m[1mGenerating Lisp code from context_action_framework/MoveBlock.msg[0m
[ 43%] [34m[1mGenerating Javascript code from context_action_framework/LeverBlock.msg[0m
[ 44%] [34m[1mGenerating Python from MSG context_action_framework/CutBlock[0m
[ 45%] [34m[1mGenerating C++ code from context_action_framework/MoveDetails.msg[0m
[ 46%] [34m[1mGenerating Javascript code from context_action_framework/MoveBlock.msg[0m
[ 47%] [34m[1mGenerating C++ code from context_action_framework/TurnOverDetails.msg[0m
[ 48%] [34m[1mGenerating C++ code from context_action_framework/PushDetails.msg[0m
[ 50%] [34m[1mGenerating Javascript code from context_action_framework/TurnOverBlock.msg[0m
[ 51%] [34m[1mGenerating Javascript code from context_action_framework/PushBlock.msg[0m
[ 52%] [34m[1mGenerating Javascript code from context_action_framework/ViceBlock.msg[0m
[ 53%] [34m[1mGenerating EusLisp code from context_action_framework/CutDetails.msg[0m
[ 54%] [34m[1mGenerating EusLisp code from context_action_framework/LeverDetails.msg[0m
[ 55%] [34m[1mGenerating Lisp code from context_action_framework/PushBlock.msg[0m
[ 56%] [34m[1mGenerating Lisp code from context_action_framework/TurnOverBlock.msg[0m
[ 57%] [34m[1mGenerating Lisp code from context_action_framework/ViceBlock.msg[0m
[ 58%] [34m[1mGenerating C++ code from context_action_framework/ViceDetails.msg[0m
[ 58%] [34m[1mGenerating EusLisp code from context_action_framework/MoveDetails.msg[0m
[ 59%] [34m[1mGenerating EusLisp code from context_action_framework/PushDetails.msg[0m
[ 60%] [34m[1mGenerating EusLisp code from context_action_framework/TurnOverDetails.msg[0m
[ 61%] [34m[1mGenerating Javascript code from context_action_framework/VisionBlock.msg[0m
[ 63%] [34m[1mGenerating EusLisp code from context_action_framework/ViceDetails.msg[0m
[ 64%] [34m[1mGenerating C++ code from context_action_framework/VisionDetails.msg[0m
[ 65%] [34m[1mGenerating EusLisp code from context_action_framework/VisionDetails.msg[0m
[ 66%] [34m[1mGenerating Python from MSG context_action_framework/LeverBlock[0m
[ 67%] [34m[1mGenerating Javascript code from context_action_framework/CutDetails.msg[0m
[ 67%] [34m[1mGenerating C++ code from context_action_framework/NextAction.srv[0m
[ 68%] [34m[1mGenerating Lisp code from context_action_framework/VisionBlock.msg[0m
[ 69%] [34m[1mGenerating C++ code from context_action_framework/VisionDetection.srv[0m
[ 70%] [34m[1mGenerating EusLisp code from context_action_framework/NextAction.srv[0m
[ 72%] [34m[1mGenerating Lisp code from context_action_framework/CutDetails.msg[0m
[ 72%] [34m[1mGenerating Python from MSG context_action_framework/MoveBlock[0m
[ 73%] [34m[1mGenerating Javascript code from context_action_framework/LeverDetails.msg[0m
[ 73%] [34m[1mGenerating EusLisp code from context_action_framework/VisionDetection.srv[0m
[ 73%] [34m[1mGenerating Javascript code from context_action_framework/MoveDetails.msg[0m
[ 73%] [34m[1mGenerating EusLisp manifest code for context_action_framework[0m
[ 75%] [34m[1mGenerating Python from MSG context_action_framework/PushBlock[0m
[ 76%] [34m[1mGenerating Python from MSG context_action_framework/ViceBlock[0m
[ 77%] [34m[1mGenerating Javascript code from context_action_framework/PushDetails.msg[0m
[ 78%] [34m[1mGenerating Javascript code from context_action_framework/TurnOverDetails.msg[0m
[ 79%] [34m[1mGenerating Lisp code from context_action_framework/LeverDetails.msg[0m
[ 80%] [34m[1mGenerating Javascript code from context_action_framework/ViceDetails.msg[0m
[ 80%] [34m[1mGenerating Lisp code from context_action_framework/MoveDetails.msg[0m
[ 81%] [34m[1mGenerating Lisp code from context_action_framework/PushDetails.msg[0m
[ 82%] [34m[1mGenerating Python from MSG context_action_framework/TurnOverBlock[0m
[ 83%] [34m[1mGenerating Lisp code from context_action_framework/TurnOverDetails.msg[0m
[ 84%] [34m[1mGenerating Python from MSG context_action_framework/VisionBlock[0m
[ 85%] [34m[1mGenerating Javascript code from context_action_framework/VisionDetails.msg[0m
[ 86%] [34m[1mGenerating Javascript code from context_action_framework/NextAction.srv[0m
[ 88%] [34m[1mGenerating Lisp code from context_action_framework/ViceDetails.msg[0m
[ 89%] [34m[1mGenerating Python from MSG context_action_framework/CutDetails[0m
[ 90%] [34m[1mGenerating Python from MSG context_action_framework/LeverDetails[0m
[ 90%] [34m[1mGenerating Python from MSG context_action_framework/MoveDetails[0m
[ 91%] [34m[1mGenerating Lisp code from context_action_framework/VisionDetails.msg[0m
[ 92%] [34m[1mGenerating Lisp code from context_action_framework/NextAction.srv[0m
[ 92%] [34m[1mGenerating Lisp code from context_action_framework/VisionDetection.srv[0m
[ 93%] [34m[1mGenerating Python from MSG context_action_framework/PushDetails[0m
[ 94%] [34m[1mGenerating Python from MSG context_action_framework/TurnOverDetails[0m
[ 94%] [34m[1mGenerating Javascript code from context_action_framework/VisionDetection.srv[0m
[ 95%] [34m[1mGenerating Python from MSG context_action_framework/ViceDetails[0m
[ 96%] [34m[1mGenerating Python from MSG context_action_framework/VisionDetails[0m
[ 96%] [34m[1mGenerating Python code from SRV context_action_framework/NextAction[0m
[ 97%] [34m[1mGenerating Python code from SRV context_action_framework/VisionDetection[0m
[ 97%] Built target context_action_framework_generate_messages_nodejs
[ 97%] Built target context_action_framework_generate_messages_lisp
[ 97%] Built target context_action_framework_generate_messages_cpp
[ 98%] [34m[1mGenerating Python msg __init__.py for context_action_framework[0m
[100%] [34m[1mGenerating Python srv __init__.py for context_action_framework[0m
[100%] Built target context_action_framework_generate_messages_eus
[100%] Built target context_action_framework_generate_messages_py
[100%] Built target context_action_framework_generate_messages
