Symlinking /home/docker/catkin_ws/devel/lib/pkgconfig/context_action_framework.pc
Symlinking /home/docker/catkin_ws/devel/lib/python3/dist-packages/context_action_framework/__init__.py
Symlinking /home/docker/catkin_ws/devel/lib/python3/dist-packages/context_action_framework/msg/_LeverBlock.py
Symlinking /home/docker/catkin_ws/devel/lib/python3/dist-packages/context_action_framework/msg/_LeverDetails.py
Symlinking /home/docker/catkin_ws/devel/lib/python3/dist-packages/context_action_framework/msg/_MoveDetails.py
Symlinking /home/docker/catkin_ws/devel/lib/python3/dist-packages/context_action_framework/msg/_Gap.py
Symlinking /home/docker/catkin_ws/devel/lib/python3/dist-packages/context_action_framework/msg/_Gaps.py
Symlinking /home/docker/catkin_ws/devel/lib/python3/dist-packages/context_action_framework/msg/_ViceBlock.py
Symlinking /home/docker/catkin_ws/devel/lib/python3/dist-packages/context_action_framework/msg/_Detections.py
Symlinking /home/docker/catkin_ws/devel/lib/python3/dist-packages/context_action_framework/msg/_TurnOverBlock.py
Symlinking /home/docker/catkin_ws/devel/lib/python3/dist-packages/context_action_framework/msg/_CutDetails.py
Symlinking /home/docker/catkin_ws/devel/lib/python3/dist-packages/context_action_framework/msg/_PushDetails.py
Symlinking /home/docker/catkin_ws/devel/lib/python3/dist-packages/context_action_framework/msg/_MoveBlock.py
Symlinking /home/docker/catkin_ws/devel/lib/python3/dist-packages/context_action_framework/msg/_CutBlock.py
Symlinking /home/docker/catkin_ws/devel/lib/python3/dist-packages/context_action_framework/msg/_VisionBlock.py
Symlinking /home/docker/catkin_ws/devel/lib/python3/dist-packages/context_action_framework/msg/_VisionDetails.py
Symlinking /home/docker/catkin_ws/devel/lib/python3/dist-packages/context_action_framework/msg/__init__.py
Symlinking /home/docker/catkin_ws/devel/lib/python3/dist-packages/context_action_framework/msg/_PushBlock.py
Symlinking /home/docker/catkin_ws/devel/lib/python3/dist-packages/context_action_framework/msg/_ViceDetails.py
Symlinking /home/docker/catkin_ws/devel/lib/python3/dist-packages/context_action_framework/msg/_TurnOverDetails.py
Symlinking /home/docker/catkin_ws/devel/lib/python3/dist-packages/context_action_framework/msg/_Detection.py
Symlinking /home/docker/catkin_ws/devel/lib/python3/dist-packages/context_action_framework/srv/_NextAction.py
Symlinking /home/docker/catkin_ws/devel/lib/python3/dist-packages/context_action_framework/srv/_VisionDetection.py
Symlinking /home/docker/catkin_ws/devel/lib/python3/dist-packages/context_action_framework/srv/__init__.py
Symlinking /home/docker/catkin_ws/devel/share/common-lisp/ros/context_action_framework/msg/_package_LeverDetails.lisp
Symlinking /home/docker/catkin_ws/devel/share/common-lisp/ros/context_action_framework/msg/PushDetails.lisp
Symlinking /home/docker/catkin_ws/devel/share/common-lisp/ros/context_action_framework/msg/CutDetails.lisp
Symlinking /home/docker/catkin_ws/devel/share/common-lisp/ros/context_action_framework/msg/_package_Gap.lisp
Symlinking /home/docker/catkin_ws/devel/share/common-lisp/ros/context_action_framework/msg/_package_CutDetails.lisp
Symlinking /home/docker/catkin_ws/devel/share/common-lisp/ros/context_action_framework/msg/_package_PushDetails.lisp
Symlinking /home/docker/catkin_ws/devel/share/common-lisp/ros/context_action_framework/msg/Detections.lisp
Symlinking /home/docker/catkin_ws/devel/share/common-lisp/ros/context_action_framework/msg/_package_CutBlock.lisp
Symlinking /home/docker/catkin_ws/devel/share/common-lisp/ros/context_action_framework/msg/_package_Detection.lisp
Symlinking /home/docker/catkin_ws/devel/share/common-lisp/ros/context_action_framework/msg/LeverBlock.lisp
Symlinking /home/docker/catkin_ws/devel/share/common-lisp/ros/context_action_framework/msg/ViceBlock.lisp
Symlinking /home/docker/catkin_ws/devel/share/common-lisp/ros/context_action_framework/msg/context_action_framework-msg.asd
Symlinking /home/docker/catkin_ws/devel/share/common-lisp/ros/context_action_framework/msg/_package_ViceDetails.lisp
Symlinking /home/docker/catkin_ws/devel/share/common-lisp/ros/context_action_framework/msg/Gaps.lisp
Symlinking /home/docker/catkin_ws/devel/share/common-lisp/ros/context_action_framework/msg/MoveBlock.lisp
Symlinking /home/docker/catkin_ws/devel/share/common-lisp/ros/context_action_framework/msg/_package_Detections.lisp
Symlinking /home/docker/catkin_ws/devel/share/common-lisp/ros/context_action_framework/msg/_package_LeverBlock.lisp
Symlinking /home/docker/catkin_ws/devel/share/common-lisp/ros/context_action_framework/msg/CutBlock.lisp
Symlinking /home/docker/catkin_ws/devel/share/common-lisp/ros/context_action_framework/msg/_package_TurnOverDetails.lisp
Symlinking /home/docker/catkin_ws/devel/share/common-lisp/ros/context_action_framework/msg/VisionBlock.lisp
Symlinking /home/docker/catkin_ws/devel/share/common-lisp/ros/context_action_framework/msg/Detection.lisp
Symlinking /home/docker/catkin_ws/devel/share/common-lisp/ros/context_action_framework/msg/TurnOverBlock.lisp
Symlinking /home/docker/catkin_ws/devel/share/common-lisp/ros/context_action_framework/msg/_package.lisp
Symlinking /home/docker/catkin_ws/devel/share/common-lisp/ros/context_action_framework/msg/TurnOverDetails.lisp
Symlinking /home/docker/catkin_ws/devel/share/common-lisp/ros/context_action_framework/msg/_package_TurnOverBlock.lisp
Symlinking /home/docker/catkin_ws/devel/share/common-lisp/ros/context_action_framework/msg/PushBlock.lisp
Symlinking /home/docker/catkin_ws/devel/share/common-lisp/ros/context_action_framework/msg/ViceDetails.lisp
Symlinking /home/docker/catkin_ws/devel/share/common-lisp/ros/context_action_framework/msg/_package_MoveBlock.lisp
Symlinking /home/docker/catkin_ws/devel/share/common-lisp/ros/context_action_framework/msg/Gap.lisp
Symlinking /home/docker/catkin_ws/devel/share/common-lisp/ros/context_action_framework/msg/_package_PushBlock.lisp
Symlinking /home/docker/catkin_ws/devel/share/common-lisp/ros/context_action_framework/msg/_package_MoveDetails.lisp
Symlinking /home/docker/catkin_ws/devel/share/common-lisp/ros/context_action_framework/msg/MoveDetails.lisp
Symlinking /home/docker/catkin_ws/devel/share/common-lisp/ros/context_action_framework/msg/VisionDetails.lisp
Symlinking /home/docker/catkin_ws/devel/share/common-lisp/ros/context_action_framework/msg/_package_Gaps.lisp
Symlinking /home/docker/catkin_ws/devel/share/common-lisp/ros/context_action_framework/msg/LeverDetails.lisp
Symlinking /home/docker/catkin_ws/devel/share/common-lisp/ros/context_action_framework/msg/_package_VisionBlock.lisp
Symlinking /home/docker/catkin_ws/devel/share/common-lisp/ros/context_action_framework/msg/_package_VisionDetails.lisp
Symlinking /home/docker/catkin_ws/devel/share/common-lisp/ros/context_action_framework/msg/_package_ViceBlock.lisp
Symlinking /home/docker/catkin_ws/devel/share/common-lisp/ros/context_action_framework/srv/_package_VisionDetection.lisp
Symlinking /home/docker/catkin_ws/devel/share/common-lisp/ros/context_action_framework/srv/NextAction.lisp
Symlinking /home/docker/catkin_ws/devel/share/common-lisp/ros/context_action_framework/srv/_package_NextAction.lisp
Symlinking /home/docker/catkin_ws/devel/share/common-lisp/ros/context_action_framework/srv/VisionDetection.lisp
Symlinking /home/docker/catkin_ws/devel/share/common-lisp/ros/context_action_framework/srv/context_action_framework-srv.asd
Symlinking /home/docker/catkin_ws/devel/share/common-lisp/ros/context_action_framework/srv/_package.lisp
Symlinking /home/docker/catkin_ws/devel/share/roseus/ros/context_action_framework/manifest.l
Symlinking /home/docker/catkin_ws/devel/share/roseus/ros/context_action_framework/msg/Gaps.l
Symlinking /home/docker/catkin_ws/devel/share/roseus/ros/context_action_framework/msg/PushDetails.l
Symlinking /home/docker/catkin_ws/devel/share/roseus/ros/context_action_framework/msg/Detection.l
Symlinking /home/docker/catkin_ws/devel/share/roseus/ros/context_action_framework/msg/CutBlock.l
Symlinking /home/docker/catkin_ws/devel/share/roseus/ros/context_action_framework/msg/ViceBlock.l
Symlinking /home/docker/catkin_ws/devel/share/roseus/ros/context_action_framework/msg/TurnOverBlock.l
Symlinking /home/docker/catkin_ws/devel/share/roseus/ros/context_action_framework/msg/CutDetails.l
Symlinking /home/docker/catkin_ws/devel/share/roseus/ros/context_action_framework/msg/LeverBlock.l
Symlinking /home/docker/catkin_ws/devel/share/roseus/ros/context_action_framework/msg/MoveBlock.l
Symlinking /home/docker/catkin_ws/devel/share/roseus/ros/context_action_framework/msg/VisionDetails.l
Symlinking /home/docker/catkin_ws/devel/share/roseus/ros/context_action_framework/msg/Gap.l
Symlinking /home/docker/catkin_ws/devel/share/roseus/ros/context_action_framework/msg/PushBlock.l
Symlinking /home/docker/catkin_ws/devel/share/roseus/ros/context_action_framework/msg/MoveDetails.l
Symlinking /home/docker/catkin_ws/devel/share/roseus/ros/context_action_framework/msg/VisionBlock.l
Symlinking /home/docker/catkin_ws/devel/share/roseus/ros/context_action_framework/msg/LeverDetails.l
Symlinking /home/docker/catkin_ws/devel/share/roseus/ros/context_action_framework/msg/TurnOverDetails.l
Symlinking /home/docker/catkin_ws/devel/share/roseus/ros/context_action_framework/msg/ViceDetails.l
Symlinking /home/docker/catkin_ws/devel/share/roseus/ros/context_action_framework/msg/Detections.l
Symlinking /home/docker/catkin_ws/devel/share/roseus/ros/context_action_framework/srv/NextAction.l
Symlinking /home/docker/catkin_ws/devel/share/roseus/ros/context_action_framework/srv/VisionDetection.l
Symlinking /home/docker/catkin_ws/devel/share/gennodejs/ros/context_action_framework/_index.js
Symlinking /home/docker/catkin_ws/devel/share/gennodejs/ros/context_action_framework/msg/VisionDetails.js
Symlinking /home/docker/catkin_ws/devel/share/gennodejs/ros/context_action_framework/msg/TurnOverBlock.js
Symlinking /home/docker/catkin_ws/devel/share/gennodejs/ros/context_action_framework/msg/PushBlock.js
Symlinking /home/docker/catkin_ws/devel/share/gennodejs/ros/context_action_framework/msg/LeverDetails.js
Symlinking /home/docker/catkin_ws/devel/share/gennodejs/ros/context_action_framework/msg/LeverBlock.js
Symlinking /home/docker/catkin_ws/devel/share/gennodejs/ros/context_action_framework/msg/CutDetails.js
Symlinking /home/docker/catkin_ws/devel/share/gennodejs/ros/context_action_framework/msg/Gaps.js
Symlinking /home/docker/catkin_ws/devel/share/gennodejs/ros/context_action_framework/msg/CutBlock.js
Symlinking /home/docker/catkin_ws/devel/share/gennodejs/ros/context_action_framework/msg/ViceDetails.js
Symlinking /home/docker/catkin_ws/devel/share/gennodejs/ros/context_action_framework/msg/PushDetails.js
Symlinking /home/docker/catkin_ws/devel/share/gennodejs/ros/context_action_framework/msg/TurnOverDetails.js
Symlinking /home/docker/catkin_ws/devel/share/gennodejs/ros/context_action_framework/msg/Detections.js
Symlinking /home/docker/catkin_ws/devel/share/gennodejs/ros/context_action_framework/msg/Detection.js
Symlinking /home/docker/catkin_ws/devel/share/gennodejs/ros/context_action_framework/msg/ViceBlock.js
Symlinking /home/docker/catkin_ws/devel/share/gennodejs/ros/context_action_framework/msg/_index.js
Symlinking /home/docker/catkin_ws/devel/share/gennodejs/ros/context_action_framework/msg/MoveDetails.js
Symlinking /home/docker/catkin_ws/devel/share/gennodejs/ros/context_action_framework/msg/VisionBlock.js
Symlinking /home/docker/catkin_ws/devel/share/gennodejs/ros/context_action_framework/msg/Gap.js
Symlinking /home/docker/catkin_ws/devel/share/gennodejs/ros/context_action_framework/msg/MoveBlock.js
Symlinking /home/docker/catkin_ws/devel/share/gennodejs/ros/context_action_framework/srv/NextAction.js
Symlinking /home/docker/catkin_ws/devel/share/gennodejs/ros/context_action_framework/srv/VisionDetection.js
Symlinking /home/docker/catkin_ws/devel/share/gennodejs/ros/context_action_framework/srv/_index.js
Symlinking /home/docker/catkin_ws/devel/share/context_action_framework/cmake/context_action_framework-msg-paths.cmake
Symlinking /home/docker/catkin_ws/devel/share/context_action_framework/cmake/context_action_frameworkConfig.cmake
Symlinking /home/docker/catkin_ws/devel/share/context_action_framework/cmake/context_action_framework-msg-extras.cmake
Symlinking /home/docker/catkin_ws/devel/share/context_action_framework/cmake/context_action_frameworkConfig-version.cmake
Symlinking /home/docker/catkin_ws/devel/include/context_action_framework/TurnOverBlock.h
Symlinking /home/docker/catkin_ws/devel/include/context_action_framework/TurnOverDetails.h
Symlinking /home/docker/catkin_ws/devel/include/context_action_framework/NextActionResponse.h
Symlinking /home/docker/catkin_ws/devel/include/context_action_framework/VisionDetectionResponse.h
Symlinking /home/docker/catkin_ws/devel/include/context_action_framework/Gaps.h
Symlinking /home/docker/catkin_ws/devel/include/context_action_framework/VisionDetails.h
Symlinking /home/docker/catkin_ws/devel/include/context_action_framework/MoveDetails.h
Symlinking /home/docker/catkin_ws/devel/include/context_action_framework/NextAction.h
Symlinking /home/docker/catkin_ws/devel/include/context_action_framework/Detections.h
Symlinking /home/docker/catkin_ws/devel/include/context_action_framework/Detection.h
Symlinking /home/docker/catkin_ws/devel/include/context_action_framework/PushDetails.h
Symlinking /home/docker/catkin_ws/devel/include/context_action_framework/LeverDetails.h
Symlinking /home/docker/catkin_ws/devel/include/context_action_framework/MoveBlock.h
Symlinking /home/docker/catkin_ws/devel/include/context_action_framework/VisionDetection.h
Symlinking /home/docker/catkin_ws/devel/include/context_action_framework/PushBlock.h
Symlinking /home/docker/catkin_ws/devel/include/context_action_framework/LeverBlock.h
Symlinking /home/docker/catkin_ws/devel/include/context_action_framework/Gap.h
Symlinking /home/docker/catkin_ws/devel/include/context_action_framework/CutBlock.h
Symlinking /home/docker/catkin_ws/devel/include/context_action_framework/VisionDetectionRequest.h
Symlinking /home/docker/catkin_ws/devel/include/context_action_framework/ViceBlock.h
Symlinking /home/docker/catkin_ws/devel/include/context_action_framework/ViceDetails.h
Symlinking /home/docker/catkin_ws/devel/include/context_action_framework/CutDetails.h
Symlinking /home/docker/catkin_ws/devel/include/context_action_framework/VisionBlock.h
Symlinking /home/docker/catkin_ws/devel/include/context_action_framework/NextActionRequest.h
