[  0%] Built target _dnb_msgs_generate_messages_check_deps_ConfigureDatastoreExternalSource
[  0%] Built target std_msgs_generate_messages_py
[  0%] Built target _dnb_msgs_generate_messages_check_deps_StringMultiArray
[  0%] Built target _dnb_msgs_generate_messages_check_deps_Program
[  0%] Built target _dnb_msgs_generate_messages_check_deps_ComponentStatus
[  0%] Built target _dnb_msgs_generate_messages_check_deps_KeTopStatus
[  0%] Built target _dnb_msgs_generate_messages_check_deps_Argument
[  0%] Built target _dnb_msgs_generate_messages_check_deps_ToastMessage
[  0%] Built target _dnb_msgs_generate_messages_check_deps_ToastTranslation
[  0%] Built target _dnb_msgs_generate_messages_check_deps_DatastoreExternalSourceUpdate
[  0%] Built target _dnb_msgs_generate_messages_check_deps_DatastoreExternalEntry
[  0%] Built target _dnb_msgs_generate_messages_check_deps_SetString
[  0%] Built target std_msgs_generate_messages_cpp
[  0%] Built target std_msgs_generate_messages_eus
[  0%] Built target _dnb_msgs_generate_messages_check_deps_SetInt32
[  0%] Built target std_msgs_generate_messages_lisp
[  0%] Built target std_msgs_generate_messages_nodejs
[  0%] Built target _dnb_msgs_generate_messages_check_deps_GetProgramsList
[  0%] Built target _dnb_msgs_generate_messages_check_deps_RunProgramWithArguments
[  1%] [34m[1mGenerating Lisp code from dnb_msgs/ComponentStatus.msg[0m
[  2%] [34m[1mGenerating Lisp code from dnb_msgs/Program.msg[0m
[  4%] [34m[1mGenerating Lisp code from dnb_msgs/Argument.msg[0m
[  5%] [34m[1mGenerating Lisp code from dnb_msgs/StringMultiArray.msg[0m
[  6%] [34m[1mGenerating Lisp code from dnb_msgs/KeTopStatus.msg[0m
[  8%] [34m[1mGenerating Javascript code from dnb_msgs/ComponentStatus.msg[0m
[  9%] [34m[1mGenerating Javascript code from dnb_msgs/StringMultiArray.msg[0m
[ 10%] [34m[1mGenerating Javascript code from dnb_msgs/Program.msg[0m
[ 12%] [34m[1mGenerating Javascript code from dnb_msgs/KeTopStatus.msg[0m
[ 13%] [34m[1mGenerating EusLisp code from dnb_msgs/ComponentStatus.msg[0m
[ 15%] [34m[1mGenerating EusLisp code from dnb_msgs/StringMultiArray.msg[0m
[ 16%] [34m[1mGenerating Python from MSG dnb_msgs/StringMultiArray[0m
[ 17%] [34m[1mGenerating EusLisp code from dnb_msgs/Argument.msg[0m
[ 19%] [34m[1mGenerating Javascript code from dnb_msgs/Argument.msg[0m
[ 21%] [34m[1mGenerating Python from MSG dnb_msgs/ComponentStatus[0m
[ 21%] [34m[1mGenerating Javascript code from dnb_msgs/ToastMessage.msg[0m
[ 23%] [34m[1mGenerating C++ code from dnb_msgs/StringMultiArray.msg[0m
[ 24%] [34m[1mGenerating C++ code from dnb_msgs/ComponentStatus.msg[0m
[ 26%] [34m[1mGenerating Javascript code from dnb_msgs/ToastTranslation.msg[0m
[ 27%] [34m[1mGenerating Lisp code from dnb_msgs/ToastMessage.msg[0m
[ 28%] [34m[1mGenerating Python from MSG dnb_msgs/Argument[0m
[ 30%] [34m[1mGenerating Lisp code from dnb_msgs/ToastTranslation.msg[0m
[ 31%] [34m[1mGenerating Lisp code from dnb_msgs/DatastoreExternalEntry.msg[0m
[ 32%] [34m[1mGenerating Lisp code from dnb_msgs/DatastoreExternalSourceUpdate.msg[0m
[ 34%] [34m[1mGenerating EusLisp code from dnb_msgs/Program.msg[0m
[ 35%] [34m[1mGenerating Python from MSG dnb_msgs/Program[0m
[ 36%] [34m[1mGenerating Javascript code from dnb_msgs/DatastoreExternalEntry.msg[0m
[ 38%] [34m[1mGenerating Lisp code from dnb_msgs/SetString.srv[0m
[ 39%] [34m[1mGenerating Lisp code from dnb_msgs/SetInt32.srv[0m
[ 41%] [34m[1mGenerating EusLisp code from dnb_msgs/KeTopStatus.msg[0m
[ 42%] [34m[1mGenerating Lisp code from dnb_msgs/GetProgramsList.srv[0m
[ 43%] [34m[1mGenerating EusLisp code from dnb_msgs/ToastMessage.msg[0m
[ 45%] [34m[1mGenerating Javascript code from dnb_msgs/DatastoreExternalSourceUpdate.msg[0m
[ 46%] [34m[1mGenerating Python from MSG dnb_msgs/ToastMessage[0m
[ 47%] [34m[1mGenerating Lisp code from dnb_msgs/RunProgramWithArguments.srv[0m
[ 49%] [34m[1mGenerating C++ code from dnb_msgs/Program.msg[0m
[ 50%] [34m[1mGenerating Python from MSG dnb_msgs/KeTopStatus[0m
[ 52%] [34m[1mGenerating EusLisp code from dnb_msgs/ToastTranslation.msg[0m
[ 54%] [34m[1mGenerating Lisp code from dnb_msgs/ConfigureDatastoreExternalSource.srv[0m
[ 53%] [34m[1mGenerating C++ code from dnb_msgs/Argument.msg[0m
[ 56%] [34m[1mGenerating Javascript code from dnb_msgs/SetString.srv[0m
[ 57%] [34m[1mGenerating Javascript code from dnb_msgs/SetInt32.srv[0m
[ 58%] [34m[1mGenerating EusLisp code from dnb_msgs/DatastoreExternalEntry.msg[0m
[ 60%] [34m[1mGenerating C++ code from dnb_msgs/KeTopStatus.msg[0m
[ 61%] [34m[1mGenerating C++ code from dnb_msgs/DatastoreExternalEntry.msg[0m
[ 63%] [34m[1mGenerating C++ code from dnb_msgs/ToastMessage.msg[0m
[ 64%] [34m[1mGenerating C++ code from dnb_msgs/ToastTranslation.msg[0m
[ 65%] [34m[1mGenerating C++ code from dnb_msgs/DatastoreExternalSourceUpdate.msg[0m
[ 67%] [34m[1mGenerating EusLisp code from dnb_msgs/DatastoreExternalSourceUpdate.msg[0m
[ 68%] [34m[1mGenerating EusLisp code from dnb_msgs/SetString.srv[0m
[ 69%] [34m[1mGenerating Javascript code from dnb_msgs/RunProgramWithArguments.srv[0m
[ 71%] [34m[1mGenerating Javascript code from dnb_msgs/GetProgramsList.srv[0m
[ 72%] [34m[1mGenerating Python from MSG dnb_msgs/ToastTranslation[0m
[ 73%] [34m[1mGenerating Javascript code from dnb_msgs/ConfigureDatastoreExternalSource.srv[0m
[ 73%] Built target dnb_msgs_generate_messages_lisp
[ 76%] [34m[1mGenerating Python from MSG dnb_msgs/DatastoreExternalEntry[0m
[ 76%] [34m[1mGenerating EusLisp code from dnb_msgs/SetInt32.srv[0m
[ 78%] [34m[1mGenerating C++ code from dnb_msgs/SetString.srv[0m
[ 79%] [34m[1mGenerating C++ code from dnb_msgs/SetInt32.srv[0m
[ 80%] [34m[1mGenerating C++ code from dnb_msgs/GetProgramsList.srv[0m
[ 82%] [34m[1mGenerating C++ code from dnb_msgs/RunProgramWithArguments.srv[0m
[ 83%] [34m[1mGenerating Python from MSG dnb_msgs/DatastoreExternalSourceUpdate[0m
[ 84%] [34m[1mGenerating EusLisp code from dnb_msgs/RunProgramWithArguments.srv[0m
[ 86%] [34m[1mGenerating EusLisp code from dnb_msgs/GetProgramsList.srv[0m
[ 89%] [34m[1mGenerating EusLisp code from dnb_msgs/ConfigureDatastoreExternalSource.srv[0m
[ 89%] [34m[1mGenerating C++ code from dnb_msgs/ConfigureDatastoreExternalSource.srv[0m
[ 89%] Built target dnb_msgs_generate_messages_nodejs
[ 90%] [34m[1mGenerating Python code from SRV dnb_msgs/SetString[0m
[ 91%] [34m[1mGenerating Python code from SRV dnb_msgs/SetInt32[0m
[ 93%] [34m[1mGenerating Python code from SRV dnb_msgs/GetProgramsList[0m
[ 94%] [34m[1mGenerating Python code from SRV dnb_msgs/RunProgramWithArguments[0m
[ 97%] [34m[1mGenerating Python code from SRV dnb_msgs/ConfigureDatastoreExternalSource[0m
[ 97%] [34m[1mGenerating EusLisp manifest code for dnb_msgs[0m
[100%] [34m[1mGenerating Python msg __init__.py for dnb_msgs[0m
[100%] [34m[1mGenerating Python srv __init__.py for dnb_msgs[0m
[100%] Built target dnb_msgs_generate_messages_cpp
[100%] Built target dnb_msgs_generate_messages_eus
[100%] Built target dnb_msgs_generate_messages_py
[100%] Built target dnb_msgs_generate_messages
