Symlinking /home/docker/catkin_ws/devel/lib/pkgconfig/dnb_msgs.pc
Symlinking /home/docker/catkin_ws/devel/lib/python3/dist-packages/dnb_msgs/__init__.py
Symlinking /home/docker/catkin_ws/devel/lib/python3/dist-packages/dnb_msgs/msg/_Program.py
Symlinking /home/docker/catkin_ws/devel/lib/python3/dist-packages/dnb_msgs/msg/_KeTopStatus.py
Symlinking /home/docker/catkin_ws/devel/lib/python3/dist-packages/dnb_msgs/msg/_Argument.py
Symlinking /home/docker/catkin_ws/devel/lib/python3/dist-packages/dnb_msgs/msg/_ToastTranslation.py
Symlinking /home/docker/catkin_ws/devel/lib/python3/dist-packages/dnb_msgs/msg/_ComponentStatus.py
Symlinking /home/docker/catkin_ws/devel/lib/python3/dist-packages/dnb_msgs/msg/_DatastoreExternalSourceUpdate.py
Symlinking /home/docker/catkin_ws/devel/lib/python3/dist-packages/dnb_msgs/msg/_StringMultiArray.py
Symlinking /home/docker/catkin_ws/devel/lib/python3/dist-packages/dnb_msgs/msg/__init__.py
Symlinking /home/docker/catkin_ws/devel/lib/python3/dist-packages/dnb_msgs/msg/_ToastMessage.py
Symlinking /home/docker/catkin_ws/devel/lib/python3/dist-packages/dnb_msgs/msg/_DatastoreExternalEntry.py
Symlinking /home/docker/catkin_ws/devel/lib/python3/dist-packages/dnb_msgs/srv/_RunProgramWithArguments.py
Symlinking /home/docker/catkin_ws/devel/lib/python3/dist-packages/dnb_msgs/srv/_SetInt32.py
Symlinking /home/docker/catkin_ws/devel/lib/python3/dist-packages/dnb_msgs/srv/_GetProgramsList.py
Symlinking /home/docker/catkin_ws/devel/lib/python3/dist-packages/dnb_msgs/srv/__init__.py
Symlinking /home/docker/catkin_ws/devel/lib/python3/dist-packages/dnb_msgs/srv/_SetString.py
Symlinking /home/docker/catkin_ws/devel/lib/python3/dist-packages/dnb_msgs/srv/_ConfigureDatastoreExternalSource.py
Symlinking /home/docker/catkin_ws/devel/share/common-lisp/ros/dnb_msgs/msg/_package_StringMultiArray.lisp
Symlinking /home/docker/catkin_ws/devel/share/common-lisp/ros/dnb_msgs/msg/ComponentStatus.lisp
Symlinking /home/docker/catkin_ws/devel/share/common-lisp/ros/dnb_msgs/msg/Argument.lisp
Symlinking /home/docker/catkin_ws/devel/share/common-lisp/ros/dnb_msgs/msg/_package_DatastoreExternalEntry.lisp
Symlinking /home/docker/catkin_ws/devel/share/common-lisp/ros/dnb_msgs/msg/ToastTranslation.lisp
Symlinking /home/docker/catkin_ws/devel/share/common-lisp/ros/dnb_msgs/msg/KeTopStatus.lisp
Symlinking /home/docker/catkin_ws/devel/share/common-lisp/ros/dnb_msgs/msg/_package_ComponentStatus.lisp
Symlinking /home/docker/catkin_ws/devel/share/common-lisp/ros/dnb_msgs/msg/_package_KeTopStatus.lisp
Symlinking /home/docker/catkin_ws/devel/share/common-lisp/ros/dnb_msgs/msg/ToastMessage.lisp
Symlinking /home/docker/catkin_ws/devel/share/common-lisp/ros/dnb_msgs/msg/DatastoreExternalSourceUpdate.lisp
Symlinking /home/docker/catkin_ws/devel/share/common-lisp/ros/dnb_msgs/msg/DatastoreExternalEntry.lisp
Symlinking /home/docker/catkin_ws/devel/share/common-lisp/ros/dnb_msgs/msg/_package_Program.lisp
Symlinking /home/docker/catkin_ws/devel/share/common-lisp/ros/dnb_msgs/msg/dnb_msgs-msg.asd
Symlinking /home/docker/catkin_ws/devel/share/common-lisp/ros/dnb_msgs/msg/Program.lisp
Symlinking /home/docker/catkin_ws/devel/share/common-lisp/ros/dnb_msgs/msg/StringMultiArray.lisp
Symlinking /home/docker/catkin_ws/devel/share/common-lisp/ros/dnb_msgs/msg/_package.lisp
Symlinking /home/docker/catkin_ws/devel/share/common-lisp/ros/dnb_msgs/msg/_package_DatastoreExternalSourceUpdate.lisp
Symlinking /home/docker/catkin_ws/devel/share/common-lisp/ros/dnb_msgs/msg/_package_ToastMessage.lisp
Symlinking /home/docker/catkin_ws/devel/share/common-lisp/ros/dnb_msgs/msg/_package_Argument.lisp
Symlinking /home/docker/catkin_ws/devel/share/common-lisp/ros/dnb_msgs/msg/_package_ToastTranslation.lisp
Symlinking /home/docker/catkin_ws/devel/share/common-lisp/ros/dnb_msgs/srv/SetString.lisp
Symlinking /home/docker/catkin_ws/devel/share/common-lisp/ros/dnb_msgs/srv/dnb_msgs-srv.asd
Symlinking /home/docker/catkin_ws/devel/share/common-lisp/ros/dnb_msgs/srv/_package_SetInt32.lisp
Symlinking /home/docker/catkin_ws/devel/share/common-lisp/ros/dnb_msgs/srv/ConfigureDatastoreExternalSource.lisp
Symlinking /home/docker/catkin_ws/devel/share/common-lisp/ros/dnb_msgs/srv/_package_ConfigureDatastoreExternalSource.lisp
Symlinking /home/docker/catkin_ws/devel/share/common-lisp/ros/dnb_msgs/srv/GetProgramsList.lisp
Symlinking /home/docker/catkin_ws/devel/share/common-lisp/ros/dnb_msgs/srv/SetInt32.lisp
Symlinking /home/docker/catkin_ws/devel/share/common-lisp/ros/dnb_msgs/srv/_package.lisp
Symlinking /home/docker/catkin_ws/devel/share/common-lisp/ros/dnb_msgs/srv/_package_RunProgramWithArguments.lisp
Symlinking /home/docker/catkin_ws/devel/share/common-lisp/ros/dnb_msgs/srv/_package_SetString.lisp
Symlinking /home/docker/catkin_ws/devel/share/common-lisp/ros/dnb_msgs/srv/RunProgramWithArguments.lisp
Symlinking /home/docker/catkin_ws/devel/share/common-lisp/ros/dnb_msgs/srv/_package_GetProgramsList.lisp
Symlinking /home/docker/catkin_ws/devel/share/roseus/ros/dnb_msgs/manifest.l
Symlinking /home/docker/catkin_ws/devel/share/roseus/ros/dnb_msgs/msg/Program.l
Symlinking /home/docker/catkin_ws/devel/share/roseus/ros/dnb_msgs/msg/ToastTranslation.l
Symlinking /home/docker/catkin_ws/devel/share/roseus/ros/dnb_msgs/msg/ToastMessage.l
Symlinking /home/docker/catkin_ws/devel/share/roseus/ros/dnb_msgs/msg/DatastoreExternalSourceUpdate.l
Symlinking /home/docker/catkin_ws/devel/share/roseus/ros/dnb_msgs/msg/StringMultiArray.l
Symlinking /home/docker/catkin_ws/devel/share/roseus/ros/dnb_msgs/msg/DatastoreExternalEntry.l
Symlinking /home/docker/catkin_ws/devel/share/roseus/ros/dnb_msgs/msg/Argument.l
Symlinking /home/docker/catkin_ws/devel/share/roseus/ros/dnb_msgs/msg/KeTopStatus.l
Symlinking /home/docker/catkin_ws/devel/share/roseus/ros/dnb_msgs/msg/ComponentStatus.l
Symlinking /home/docker/catkin_ws/devel/share/roseus/ros/dnb_msgs/srv/ConfigureDatastoreExternalSource.l
Symlinking /home/docker/catkin_ws/devel/share/roseus/ros/dnb_msgs/srv/SetString.l
Symlinking /home/docker/catkin_ws/devel/share/roseus/ros/dnb_msgs/srv/RunProgramWithArguments.l
Symlinking /home/docker/catkin_ws/devel/share/roseus/ros/dnb_msgs/srv/GetProgramsList.l
Symlinking /home/docker/catkin_ws/devel/share/roseus/ros/dnb_msgs/srv/SetInt32.l
Symlinking /home/docker/catkin_ws/devel/share/gennodejs/ros/dnb_msgs/_index.js
Symlinking /home/docker/catkin_ws/devel/share/gennodejs/ros/dnb_msgs/msg/KeTopStatus.js
Symlinking /home/docker/catkin_ws/devel/share/gennodejs/ros/dnb_msgs/msg/Argument.js
Symlinking /home/docker/catkin_ws/devel/share/gennodejs/ros/dnb_msgs/msg/Program.js
Symlinking /home/docker/catkin_ws/devel/share/gennodejs/ros/dnb_msgs/msg/DatastoreExternalEntry.js
Symlinking /home/docker/catkin_ws/devel/share/gennodejs/ros/dnb_msgs/msg/DatastoreExternalSourceUpdate.js
Symlinking /home/docker/catkin_ws/devel/share/gennodejs/ros/dnb_msgs/msg/ComponentStatus.js
Symlinking /home/docker/catkin_ws/devel/share/gennodejs/ros/dnb_msgs/msg/_index.js
Symlinking /home/docker/catkin_ws/devel/share/gennodejs/ros/dnb_msgs/msg/ToastMessage.js
Symlinking /home/docker/catkin_ws/devel/share/gennodejs/ros/dnb_msgs/msg/ToastTranslation.js
Symlinking /home/docker/catkin_ws/devel/share/gennodejs/ros/dnb_msgs/msg/StringMultiArray.js
Symlinking /home/docker/catkin_ws/devel/share/gennodejs/ros/dnb_msgs/srv/SetString.js
Symlinking /home/docker/catkin_ws/devel/share/gennodejs/ros/dnb_msgs/srv/RunProgramWithArguments.js
Symlinking /home/docker/catkin_ws/devel/share/gennodejs/ros/dnb_msgs/srv/SetInt32.js
Symlinking /home/docker/catkin_ws/devel/share/gennodejs/ros/dnb_msgs/srv/_index.js
Symlinking /home/docker/catkin_ws/devel/share/gennodejs/ros/dnb_msgs/srv/ConfigureDatastoreExternalSource.js
Symlinking /home/docker/catkin_ws/devel/share/gennodejs/ros/dnb_msgs/srv/GetProgramsList.js
Symlinking /home/docker/catkin_ws/devel/share/dnb_msgs/cmake/dnb_msgsConfig.cmake
Symlinking /home/docker/catkin_ws/devel/share/dnb_msgs/cmake/dnb_msgs-msg-paths.cmake
Symlinking /home/docker/catkin_ws/devel/share/dnb_msgs/cmake/dnb_msgs-msg-extras.cmake
Symlinking /home/docker/catkin_ws/devel/share/dnb_msgs/cmake/dnb_msgsConfig-version.cmake
Symlinking /home/docker/catkin_ws/devel/include/dnb_msgs/GetProgramsListResponse.h
Symlinking /home/docker/catkin_ws/devel/include/dnb_msgs/SetStringRequest.h
Symlinking /home/docker/catkin_ws/devel/include/dnb_msgs/ComponentStatus.h
Symlinking /home/docker/catkin_ws/devel/include/dnb_msgs/DatastoreExternalSourceUpdate.h
Symlinking /home/docker/catkin_ws/devel/include/dnb_msgs/RunProgramWithArgumentsRequest.h
Symlinking /home/docker/catkin_ws/devel/include/dnb_msgs/StringMultiArray.h
Symlinking /home/docker/catkin_ws/devel/include/dnb_msgs/SetInt32Response.h
Symlinking /home/docker/catkin_ws/devel/include/dnb_msgs/KeTopStatus.h
Symlinking /home/docker/catkin_ws/devel/include/dnb_msgs/ConfigureDatastoreExternalSourceResponse.h
Symlinking /home/docker/catkin_ws/devel/include/dnb_msgs/ToastTranslation.h
Symlinking /home/docker/catkin_ws/devel/include/dnb_msgs/ConfigureDatastoreExternalSource.h
Symlinking /home/docker/catkin_ws/devel/include/dnb_msgs/SetString.h
Symlinking /home/docker/catkin_ws/devel/include/dnb_msgs/GetProgramsListRequest.h
Symlinking /home/docker/catkin_ws/devel/include/dnb_msgs/SetInt32.h
Symlinking /home/docker/catkin_ws/devel/include/dnb_msgs/RunProgramWithArgumentsResponse.h
Symlinking /home/docker/catkin_ws/devel/include/dnb_msgs/DatastoreExternalEntry.h
Symlinking /home/docker/catkin_ws/devel/include/dnb_msgs/SetStringResponse.h
Symlinking /home/docker/catkin_ws/devel/include/dnb_msgs/Argument.h
Symlinking /home/docker/catkin_ws/devel/include/dnb_msgs/ConfigureDatastoreExternalSourceRequest.h
Symlinking /home/docker/catkin_ws/devel/include/dnb_msgs/GetProgramsList.h
Symlinking /home/docker/catkin_ws/devel/include/dnb_msgs/RunProgramWithArguments.h
Symlinking /home/docker/catkin_ws/devel/include/dnb_msgs/SetInt32Request.h
Symlinking /home/docker/catkin_ws/devel/include/dnb_msgs/ToastMessage.h
Symlinking /home/docker/catkin_ws/devel/include/dnb_msgs/Program.h
