Linked: (/home/docker/catkin_ws/devel/.private/camera_control_msgs/lib/pkgconfig/camera_control_msgs.pc, /home/docker/catkin_ws/devel/lib/pkgconfig/camera_control_msgs.pc)
Linked: (/home/docker/catkin_ws/devel/.private/camera_control_msgs/lib/python3/dist-packages/camera_control_msgs/__init__.py, /home/docker/catkin_ws/devel/lib/python3/dist-packages/camera_control_msgs/__init__.py)
Linked: (/home/docker/catkin_ws/devel/.private/camera_control_msgs/lib/python3/dist-packages/camera_control_msgs/msg/_GrabAndSaveImageResult.py, /home/docker/catkin_ws/devel/lib/python3/dist-packages/camera_control_msgs/msg/_GrabAndSaveImageResult.py)
Linked: (/home/docker/catkin_ws/devel/.private/camera_control_msgs/lib/python3/dist-packages/camera_control_msgs/msg/_GrabHDRImageAction.py, /home/docker/catkin_ws/devel/lib/python3/dist-packages/camera_control_msgs/msg/_GrabHDRImageAction.py)
Linked: (/home/docker/catkin_ws/devel/.private/camera_control_msgs/lib/python3/dist-packages/camera_control_msgs/msg/_currentParams.py, /home/docker/catkin_ws/devel/lib/python3/dist-packages/camera_control_msgs/msg/_currentParams.py)
Linked: (/home/docker/catkin_ws/devel/.private/camera_control_msgs/lib/python3/dist-packages/camera_control_msgs/msg/_GrabAndSaveImageActionFeedback.py, /home/docker/catkin_ws/devel/lib/python3/dist-packages/camera_control_msgs/msg/_GrabAndSaveImageActionFeedback.py)
Linked: (/home/docker/catkin_ws/devel/.private/camera_control_msgs/lib/python3/dist-packages/camera_control_msgs/msg/_GrabImagesActionFeedback.py, /home/docker/catkin_ws/devel/lib/python3/dist-packages/camera_control_msgs/msg/_GrabImagesActionFeedback.py)
Linked: (/home/docker/catkin_ws/devel/.private/camera_control_msgs/lib/python3/dist-packages/camera_control_msgs/msg/_GrabImagesAction.py, /home/docker/catkin_ws/devel/lib/python3/dist-packages/camera_control_msgs/msg/_GrabImagesAction.py)
Linked: (/home/docker/catkin_ws/devel/.private/camera_control_msgs/lib/python3/dist-packages/camera_control_msgs/msg/_GrabAndSaveImageActionGoal.py, /home/docker/catkin_ws/devel/lib/python3/dist-packages/camera_control_msgs/msg/_GrabAndSaveImageActionGoal.py)
Linked: (/home/docker/catkin_ws/devel/.private/camera_control_msgs/lib/python3/dist-packages/camera_control_msgs/msg/_GrabHDRImageActionGoal.py, /home/docker/catkin_ws/devel/lib/python3/dist-packages/camera_control_msgs/msg/_GrabHDRImageActionGoal.py)
Linked: (/home/docker/catkin_ws/devel/.private/camera_control_msgs/lib/python3/dist-packages/camera_control_msgs/msg/_GrabAndSaveImageGoal.py, /home/docker/catkin_ws/devel/lib/python3/dist-packages/camera_control_msgs/msg/_GrabAndSaveImageGoal.py)
Linked: (/home/docker/catkin_ws/devel/.private/camera_control_msgs/lib/python3/dist-packages/camera_control_msgs/msg/_GrabHDRImageActionFeedback.py, /home/docker/catkin_ws/devel/lib/python3/dist-packages/camera_control_msgs/msg/_GrabHDRImageActionFeedback.py)
Linked: (/home/docker/catkin_ws/devel/.private/camera_control_msgs/lib/python3/dist-packages/camera_control_msgs/msg/_GrabImagesActionGoal.py, /home/docker/catkin_ws/devel/lib/python3/dist-packages/camera_control_msgs/msg/_GrabImagesActionGoal.py)
Linked: (/home/docker/catkin_ws/devel/.private/camera_control_msgs/lib/python3/dist-packages/camera_control_msgs/msg/_GrabImagesResult.py, /home/docker/catkin_ws/devel/lib/python3/dist-packages/camera_control_msgs/msg/_GrabImagesResult.py)
Linked: (/home/docker/catkin_ws/devel/.private/camera_control_msgs/lib/python3/dist-packages/camera_control_msgs/msg/_GrabHDRImageResult.py, /home/docker/catkin_ws/devel/lib/python3/dist-packages/camera_control_msgs/msg/_GrabHDRImageResult.py)
Linked: (/home/docker/catkin_ws/devel/.private/camera_control_msgs/lib/python3/dist-packages/camera_control_msgs/msg/_GrabHDRImageFeedback.py, /home/docker/catkin_ws/devel/lib/python3/dist-packages/camera_control_msgs/msg/_GrabHDRImageFeedback.py)
Linked: (/home/docker/catkin_ws/devel/.private/camera_control_msgs/lib/python3/dist-packages/camera_control_msgs/msg/_GrabHDRImageGoal.py, /home/docker/catkin_ws/devel/lib/python3/dist-packages/camera_control_msgs/msg/_GrabHDRImageGoal.py)
Linked: (/home/docker/catkin_ws/devel/.private/camera_control_msgs/lib/python3/dist-packages/camera_control_msgs/msg/__init__.py, /home/docker/catkin_ws/devel/lib/python3/dist-packages/camera_control_msgs/msg/__init__.py)
Linked: (/home/docker/catkin_ws/devel/.private/camera_control_msgs/lib/python3/dist-packages/camera_control_msgs/msg/_GrabAndSaveImageAction.py, /home/docker/catkin_ws/devel/lib/python3/dist-packages/camera_control_msgs/msg/_GrabAndSaveImageAction.py)
Linked: (/home/docker/catkin_ws/devel/.private/camera_control_msgs/lib/python3/dist-packages/camera_control_msgs/msg/_GrabImagesActionResult.py, /home/docker/catkin_ws/devel/lib/python3/dist-packages/camera_control_msgs/msg/_GrabImagesActionResult.py)
Linked: (/home/docker/catkin_ws/devel/.private/camera_control_msgs/lib/python3/dist-packages/camera_control_msgs/msg/_GrabImagesFeedback.py, /home/docker/catkin_ws/devel/lib/python3/dist-packages/camera_control_msgs/msg/_GrabImagesFeedback.py)
Linked: (/home/docker/catkin_ws/devel/.private/camera_control_msgs/lib/python3/dist-packages/camera_control_msgs/msg/_GrabImagesGoal.py, /home/docker/catkin_ws/devel/lib/python3/dist-packages/camera_control_msgs/msg/_GrabImagesGoal.py)
Linked: (/home/docker/catkin_ws/devel/.private/camera_control_msgs/lib/python3/dist-packages/camera_control_msgs/msg/_GrabHDRImageActionResult.py, /home/docker/catkin_ws/devel/lib/python3/dist-packages/camera_control_msgs/msg/_GrabHDRImageActionResult.py)
Linked: (/home/docker/catkin_ws/devel/.private/camera_control_msgs/lib/python3/dist-packages/camera_control_msgs/msg/_GrabAndSaveImageFeedback.py, /home/docker/catkin_ws/devel/lib/python3/dist-packages/camera_control_msgs/msg/_GrabAndSaveImageFeedback.py)
Linked: (/home/docker/catkin_ws/devel/.private/camera_control_msgs/lib/python3/dist-packages/camera_control_msgs/msg/_GrabAndSaveImageActionResult.py, /home/docker/catkin_ws/devel/lib/python3/dist-packages/camera_control_msgs/msg/_GrabAndSaveImageActionResult.py)
Linked: (/home/docker/catkin_ws/devel/.private/camera_control_msgs/lib/python3/dist-packages/camera_control_msgs/srv/_SetSleeping.py, /home/docker/catkin_ws/devel/lib/python3/dist-packages/camera_control_msgs/srv/_SetSleeping.py)
Linked: (/home/docker/catkin_ws/devel/.private/camera_control_msgs/lib/python3/dist-packages/camera_control_msgs/srv/_SetROI.py, /home/docker/catkin_ws/devel/lib/python3/dist-packages/camera_control_msgs/srv/_SetROI.py)
Linked: (/home/docker/catkin_ws/devel/.private/camera_control_msgs/lib/python3/dist-packages/camera_control_msgs/srv/_SetIntegerValue.py, /home/docker/catkin_ws/devel/lib/python3/dist-packages/camera_control_msgs/srv/_SetIntegerValue.py)
Linked: (/home/docker/catkin_ws/devel/.private/camera_control_msgs/lib/python3/dist-packages/camera_control_msgs/srv/_SetGamma.py, /home/docker/catkin_ws/devel/lib/python3/dist-packages/camera_control_msgs/srv/_SetGamma.py)
Linked: (/home/docker/catkin_ws/devel/.private/camera_control_msgs/lib/python3/dist-packages/camera_control_msgs/srv/_SetExposure.py, /home/docker/catkin_ws/devel/lib/python3/dist-packages/camera_control_msgs/srv/_SetExposure.py)
Linked: (/home/docker/catkin_ws/devel/.private/camera_control_msgs/lib/python3/dist-packages/camera_control_msgs/srv/_SetWhiteBalance.py, /home/docker/catkin_ws/devel/lib/python3/dist-packages/camera_control_msgs/srv/_SetWhiteBalance.py)
Linked: (/home/docker/catkin_ws/devel/.private/camera_control_msgs/lib/python3/dist-packages/camera_control_msgs/srv/_SetGain.py, /home/docker/catkin_ws/devel/lib/python3/dist-packages/camera_control_msgs/srv/_SetGain.py)
Linked: (/home/docker/catkin_ws/devel/.private/camera_control_msgs/lib/python3/dist-packages/camera_control_msgs/srv/_GetIntegerValue.py, /home/docker/catkin_ws/devel/lib/python3/dist-packages/camera_control_msgs/srv/_GetIntegerValue.py)
Linked: (/home/docker/catkin_ws/devel/.private/camera_control_msgs/lib/python3/dist-packages/camera_control_msgs/srv/_SetBrightness.py, /home/docker/catkin_ws/devel/lib/python3/dist-packages/camera_control_msgs/srv/_SetBrightness.py)
Linked: (/home/docker/catkin_ws/devel/.private/camera_control_msgs/lib/python3/dist-packages/camera_control_msgs/srv/__init__.py, /home/docker/catkin_ws/devel/lib/python3/dist-packages/camera_control_msgs/srv/__init__.py)
Linked: (/home/docker/catkin_ws/devel/.private/camera_control_msgs/lib/python3/dist-packages/camera_control_msgs/srv/_GetFloatValue.py, /home/docker/catkin_ws/devel/lib/python3/dist-packages/camera_control_msgs/srv/_GetFloatValue.py)
Linked: (/home/docker/catkin_ws/devel/.private/camera_control_msgs/lib/python3/dist-packages/camera_control_msgs/srv/_GetCamProperties.py, /home/docker/catkin_ws/devel/lib/python3/dist-packages/camera_control_msgs/srv/_GetCamProperties.py)
Linked: (/home/docker/catkin_ws/devel/.private/camera_control_msgs/lib/python3/dist-packages/camera_control_msgs/srv/_SetStringValue.py, /home/docker/catkin_ws/devel/lib/python3/dist-packages/camera_control_msgs/srv/_SetStringValue.py)
Linked: (/home/docker/catkin_ws/devel/.private/camera_control_msgs/lib/python3/dist-packages/camera_control_msgs/srv/_SetBinning.py, /home/docker/catkin_ws/devel/lib/python3/dist-packages/camera_control_msgs/srv/_SetBinning.py)
Linked: (/home/docker/catkin_ws/devel/.private/camera_control_msgs/lib/python3/dist-packages/camera_control_msgs/srv/_SetFloatValue.py, /home/docker/catkin_ws/devel/lib/python3/dist-packages/camera_control_msgs/srv/_SetFloatValue.py)
Linked: (/home/docker/catkin_ws/devel/.private/camera_control_msgs/share/common-lisp/ros/camera_control_msgs/msg/GrabAndSaveImageAction.lisp, /home/docker/catkin_ws/devel/share/common-lisp/ros/camera_control_msgs/msg/GrabAndSaveImageAction.lisp)
Linked: (/home/docker/catkin_ws/devel/.private/camera_control_msgs/share/common-lisp/ros/camera_control_msgs/msg/camera_control_msgs-msg.asd, /home/docker/catkin_ws/devel/share/common-lisp/ros/camera_control_msgs/msg/camera_control_msgs-msg.asd)
Linked: (/home/docker/catkin_ws/devel/.private/camera_control_msgs/share/common-lisp/ros/camera_control_msgs/msg/GrabImagesGoal.lisp, /home/docker/catkin_ws/devel/share/common-lisp/ros/camera_control_msgs/msg/GrabImagesGoal.lisp)
Linked: (/home/docker/catkin_ws/devel/.private/camera_control_msgs/share/common-lisp/ros/camera_control_msgs/msg/GrabImagesResult.lisp, /home/docker/catkin_ws/devel/share/common-lisp/ros/camera_control_msgs/msg/GrabImagesResult.lisp)
Linked: (/home/docker/catkin_ws/devel/.private/camera_control_msgs/share/common-lisp/ros/camera_control_msgs/msg/_package_GrabAndSaveImageActionGoal.lisp, /home/docker/catkin_ws/devel/share/common-lisp/ros/camera_control_msgs/msg/_package_GrabAndSaveImageActionGoal.lisp)
Linked: (/home/docker/catkin_ws/devel/.private/camera_control_msgs/share/common-lisp/ros/camera_control_msgs/msg/_package_GrabHDRImageActionGoal.lisp, /home/docker/catkin_ws/devel/share/common-lisp/ros/camera_control_msgs/msg/_package_GrabHDRImageActionGoal.lisp)
Linked: (/home/docker/catkin_ws/devel/.private/camera_control_msgs/share/common-lisp/ros/camera_control_msgs/msg/GrabAndSaveImageActionResult.lisp, /home/docker/catkin_ws/devel/share/common-lisp/ros/camera_control_msgs/msg/GrabAndSaveImageActionResult.lisp)
Linked: (/home/docker/catkin_ws/devel/.private/camera_control_msgs/share/common-lisp/ros/camera_control_msgs/msg/GrabHDRImageFeedback.lisp, /home/docker/catkin_ws/devel/share/common-lisp/ros/camera_control_msgs/msg/GrabHDRImageFeedback.lisp)
Linked: (/home/docker/catkin_ws/devel/.private/camera_control_msgs/share/common-lisp/ros/camera_control_msgs/msg/GrabAndSaveImageActionGoal.lisp, /home/docker/catkin_ws/devel/share/common-lisp/ros/camera_control_msgs/msg/GrabAndSaveImageActionGoal.lisp)
Linked: (/home/docker/catkin_ws/devel/.private/camera_control_msgs/share/common-lisp/ros/camera_control_msgs/msg/_package_GrabAndSaveImageActionResult.lisp, /home/docker/catkin_ws/devel/share/common-lisp/ros/camera_control_msgs/msg/_package_GrabAndSaveImageActionResult.lisp)
Linked: (/home/docker/catkin_ws/devel/.private/camera_control_msgs/share/common-lisp/ros/camera_control_msgs/msg/GrabHDRImageActionResult.lisp, /home/docker/catkin_ws/devel/share/common-lisp/ros/camera_control_msgs/msg/GrabHDRImageActionResult.lisp)
Linked: (/home/docker/catkin_ws/devel/.private/camera_control_msgs/share/common-lisp/ros/camera_control_msgs/msg/GrabImagesActionGoal.lisp, /home/docker/catkin_ws/devel/share/common-lisp/ros/camera_control_msgs/msg/GrabImagesActionGoal.lisp)
Linked: (/home/docker/catkin_ws/devel/.private/camera_control_msgs/share/common-lisp/ros/camera_control_msgs/msg/GrabImagesActionResult.lisp, /home/docker/catkin_ws/devel/share/common-lisp/ros/camera_control_msgs/msg/GrabImagesActionResult.lisp)
Linked: (/home/docker/catkin_ws/devel/.private/camera_control_msgs/share/common-lisp/ros/camera_control_msgs/msg/GrabHDRImageActionGoal.lisp, /home/docker/catkin_ws/devel/share/common-lisp/ros/camera_control_msgs/msg/GrabHDRImageActionGoal.lisp)
Linked: (/home/docker/catkin_ws/devel/.private/camera_control_msgs/share/common-lisp/ros/camera_control_msgs/msg/GrabAndSaveImageFeedback.lisp, /home/docker/catkin_ws/devel/share/common-lisp/ros/camera_control_msgs/msg/GrabAndSaveImageFeedback.lisp)
Linked: (/home/docker/catkin_ws/devel/.private/camera_control_msgs/share/common-lisp/ros/camera_control_msgs/msg/GrabHDRImageGoal.lisp, /home/docker/catkin_ws/devel/share/common-lisp/ros/camera_control_msgs/msg/GrabHDRImageGoal.lisp)
Linked: (/home/docker/catkin_ws/devel/.private/camera_control_msgs/share/common-lisp/ros/camera_control_msgs/msg/GrabImagesFeedback.lisp, /home/docker/catkin_ws/devel/share/common-lisp/ros/camera_control_msgs/msg/GrabImagesFeedback.lisp)
Linked: (/home/docker/catkin_ws/devel/.private/camera_control_msgs/share/common-lisp/ros/camera_control_msgs/msg/_package_GrabImagesAction.lisp, /home/docker/catkin_ws/devel/share/common-lisp/ros/camera_control_msgs/msg/_package_GrabImagesAction.lisp)
Linked: (/home/docker/catkin_ws/devel/.private/camera_control_msgs/share/common-lisp/ros/camera_control_msgs/msg/GrabHDRImageResult.lisp, /home/docker/catkin_ws/devel/share/common-lisp/ros/camera_control_msgs/msg/GrabHDRImageResult.lisp)
Linked: (/home/docker/catkin_ws/devel/.private/camera_control_msgs/share/common-lisp/ros/camera_control_msgs/msg/_package_GrabImagesResult.lisp, /home/docker/catkin_ws/devel/share/common-lisp/ros/camera_control_msgs/msg/_package_GrabImagesResult.lisp)
Linked: (/home/docker/catkin_ws/devel/.private/camera_control_msgs/share/common-lisp/ros/camera_control_msgs/msg/_package_GrabImagesActionGoal.lisp, /home/docker/catkin_ws/devel/share/common-lisp/ros/camera_control_msgs/msg/_package_GrabImagesActionGoal.lisp)
Linked: (/home/docker/catkin_ws/devel/.private/camera_control_msgs/share/common-lisp/ros/camera_control_msgs/msg/_package_GrabAndSaveImageActionFeedback.lisp, /home/docker/catkin_ws/devel/share/common-lisp/ros/camera_control_msgs/msg/_package_GrabAndSaveImageActionFeedback.lisp)
Linked: (/home/docker/catkin_ws/devel/.private/camera_control_msgs/share/common-lisp/ros/camera_control_msgs/msg/GrabImagesAction.lisp, /home/docker/catkin_ws/devel/share/common-lisp/ros/camera_control_msgs/msg/GrabImagesAction.lisp)
Linked: (/home/docker/catkin_ws/devel/.private/camera_control_msgs/share/common-lisp/ros/camera_control_msgs/msg/GrabHDRImageAction.lisp, /home/docker/catkin_ws/devel/share/common-lisp/ros/camera_control_msgs/msg/GrabHDRImageAction.lisp)
Linked: (/home/docker/catkin_ws/devel/.private/camera_control_msgs/share/common-lisp/ros/camera_control_msgs/msg/_package_GrabHDRImageActionResult.lisp, /home/docker/catkin_ws/devel/share/common-lisp/ros/camera_control_msgs/msg/_package_GrabHDRImageActionResult.lisp)
Linked: (/home/docker/catkin_ws/devel/.private/camera_control_msgs/share/common-lisp/ros/camera_control_msgs/msg/_package_currentParams.lisp, /home/docker/catkin_ws/devel/share/common-lisp/ros/camera_control_msgs/msg/_package_currentParams.lisp)
Linked: (/home/docker/catkin_ws/devel/.private/camera_control_msgs/share/common-lisp/ros/camera_control_msgs/msg/GrabHDRImageActionFeedback.lisp, /home/docker/catkin_ws/devel/share/common-lisp/ros/camera_control_msgs/msg/GrabHDRImageActionFeedback.lisp)
Linked: (/home/docker/catkin_ws/devel/.private/camera_control_msgs/share/common-lisp/ros/camera_control_msgs/msg/_package_GrabAndSaveImageFeedback.lisp, /home/docker/catkin_ws/devel/share/common-lisp/ros/camera_control_msgs/msg/_package_GrabAndSaveImageFeedback.lisp)
Linked: (/home/docker/catkin_ws/devel/.private/camera_control_msgs/share/common-lisp/ros/camera_control_msgs/msg/_package.lisp, /home/docker/catkin_ws/devel/share/common-lisp/ros/camera_control_msgs/msg/_package.lisp)
Linked: (/home/docker/catkin_ws/devel/.private/camera_control_msgs/share/common-lisp/ros/camera_control_msgs/msg/GrabAndSaveImageActionFeedback.lisp, /home/docker/catkin_ws/devel/share/common-lisp/ros/camera_control_msgs/msg/GrabAndSaveImageActionFeedback.lisp)
Linked: (/home/docker/catkin_ws/devel/.private/camera_control_msgs/share/common-lisp/ros/camera_control_msgs/msg/_package_GrabAndSaveImageResult.lisp, /home/docker/catkin_ws/devel/share/common-lisp/ros/camera_control_msgs/msg/_package_GrabAndSaveImageResult.lisp)
Linked: (/home/docker/catkin_ws/devel/.private/camera_control_msgs/share/common-lisp/ros/camera_control_msgs/msg/_package_GrabHDRImageAction.lisp, /home/docker/catkin_ws/devel/share/common-lisp/ros/camera_control_msgs/msg/_package_GrabHDRImageAction.lisp)
Linked: (/home/docker/catkin_ws/devel/.private/camera_control_msgs/share/common-lisp/ros/camera_control_msgs/msg/_package_GrabHDRImageFeedback.lisp, /home/docker/catkin_ws/devel/share/common-lisp/ros/camera_control_msgs/msg/_package_GrabHDRImageFeedback.lisp)
Linked: (/home/docker/catkin_ws/devel/.private/camera_control_msgs/share/common-lisp/ros/camera_control_msgs/msg/_package_GrabImagesGoal.lisp, /home/docker/catkin_ws/devel/share/common-lisp/ros/camera_control_msgs/msg/_package_GrabImagesGoal.lisp)
Linked: (/home/docker/catkin_ws/devel/.private/camera_control_msgs/share/common-lisp/ros/camera_control_msgs/msg/_package_GrabImagesFeedback.lisp, /home/docker/catkin_ws/devel/share/common-lisp/ros/camera_control_msgs/msg/_package_GrabImagesFeedback.lisp)
Linked: (/home/docker/catkin_ws/devel/.private/camera_control_msgs/share/common-lisp/ros/camera_control_msgs/msg/_package_GrabHDRImageResult.lisp, /home/docker/catkin_ws/devel/share/common-lisp/ros/camera_control_msgs/msg/_package_GrabHDRImageResult.lisp)
Linked: (/home/docker/catkin_ws/devel/.private/camera_control_msgs/share/common-lisp/ros/camera_control_msgs/msg/_package_GrabHDRImageGoal.lisp, /home/docker/catkin_ws/devel/share/common-lisp/ros/camera_control_msgs/msg/_package_GrabHDRImageGoal.lisp)
Linked: (/home/docker/catkin_ws/devel/.private/camera_control_msgs/share/common-lisp/ros/camera_control_msgs/msg/_package_GrabHDRImageActionFeedback.lisp, /home/docker/catkin_ws/devel/share/common-lisp/ros/camera_control_msgs/msg/_package_GrabHDRImageActionFeedback.lisp)
Linked: (/home/docker/catkin_ws/devel/.private/camera_control_msgs/share/common-lisp/ros/camera_control_msgs/msg/_package_GrabAndSaveImageGoal.lisp, /home/docker/catkin_ws/devel/share/common-lisp/ros/camera_control_msgs/msg/_package_GrabAndSaveImageGoal.lisp)
Linked: (/home/docker/catkin_ws/devel/.private/camera_control_msgs/share/common-lisp/ros/camera_control_msgs/msg/_package_GrabAndSaveImageAction.lisp, /home/docker/catkin_ws/devel/share/common-lisp/ros/camera_control_msgs/msg/_package_GrabAndSaveImageAction.lisp)
Linked: (/home/docker/catkin_ws/devel/.private/camera_control_msgs/share/common-lisp/ros/camera_control_msgs/msg/currentParams.lisp, /home/docker/catkin_ws/devel/share/common-lisp/ros/camera_control_msgs/msg/currentParams.lisp)
Linked: (/home/docker/catkin_ws/devel/.private/camera_control_msgs/share/common-lisp/ros/camera_control_msgs/msg/_package_GrabImagesActionFeedback.lisp, /home/docker/catkin_ws/devel/share/common-lisp/ros/camera_control_msgs/msg/_package_GrabImagesActionFeedback.lisp)
Linked: (/home/docker/catkin_ws/devel/.private/camera_control_msgs/share/common-lisp/ros/camera_control_msgs/msg/GrabImagesActionFeedback.lisp, /home/docker/catkin_ws/devel/share/common-lisp/ros/camera_control_msgs/msg/GrabImagesActionFeedback.lisp)
Linked: (/home/docker/catkin_ws/devel/.private/camera_control_msgs/share/common-lisp/ros/camera_control_msgs/msg/_package_GrabImagesActionResult.lisp, /home/docker/catkin_ws/devel/share/common-lisp/ros/camera_control_msgs/msg/_package_GrabImagesActionResult.lisp)
Linked: (/home/docker/catkin_ws/devel/.private/camera_control_msgs/share/common-lisp/ros/camera_control_msgs/msg/GrabAndSaveImageGoal.lisp, /home/docker/catkin_ws/devel/share/common-lisp/ros/camera_control_msgs/msg/GrabAndSaveImageGoal.lisp)
Linked: (/home/docker/catkin_ws/devel/.private/camera_control_msgs/share/common-lisp/ros/camera_control_msgs/msg/GrabAndSaveImageResult.lisp, /home/docker/catkin_ws/devel/share/common-lisp/ros/camera_control_msgs/msg/GrabAndSaveImageResult.lisp)
Linked: (/home/docker/catkin_ws/devel/.private/camera_control_msgs/share/common-lisp/ros/camera_control_msgs/srv/SetBinning.lisp, /home/docker/catkin_ws/devel/share/common-lisp/ros/camera_control_msgs/srv/SetBinning.lisp)
Linked: (/home/docker/catkin_ws/devel/.private/camera_control_msgs/share/common-lisp/ros/camera_control_msgs/srv/_package_SetIntegerValue.lisp, /home/docker/catkin_ws/devel/share/common-lisp/ros/camera_control_msgs/srv/_package_SetIntegerValue.lisp)
Linked: (/home/docker/catkin_ws/devel/.private/camera_control_msgs/share/common-lisp/ros/camera_control_msgs/srv/_package_SetSleeping.lisp, /home/docker/catkin_ws/devel/share/common-lisp/ros/camera_control_msgs/srv/_package_SetSleeping.lisp)
Linked: (/home/docker/catkin_ws/devel/.private/camera_control_msgs/share/common-lisp/ros/camera_control_msgs/srv/_package_SetBinning.lisp, /home/docker/catkin_ws/devel/share/common-lisp/ros/camera_control_msgs/srv/_package_SetBinning.lisp)
Linked: (/home/docker/catkin_ws/devel/.private/camera_control_msgs/share/common-lisp/ros/camera_control_msgs/srv/SetFloatValue.lisp, /home/docker/catkin_ws/devel/share/common-lisp/ros/camera_control_msgs/srv/SetFloatValue.lisp)
Linked: (/home/docker/catkin_ws/devel/.private/camera_control_msgs/share/common-lisp/ros/camera_control_msgs/srv/SetStringValue.lisp, /home/docker/catkin_ws/devel/share/common-lisp/ros/camera_control_msgs/srv/SetStringValue.lisp)
Linked: (/home/docker/catkin_ws/devel/.private/camera_control_msgs/share/common-lisp/ros/camera_control_msgs/srv/GetFloatValue.lisp, /home/docker/catkin_ws/devel/share/common-lisp/ros/camera_control_msgs/srv/GetFloatValue.lisp)
Linked: (/home/docker/catkin_ws/devel/.private/camera_control_msgs/share/common-lisp/ros/camera_control_msgs/srv/_package_GetIntegerValue.lisp, /home/docker/catkin_ws/devel/share/common-lisp/ros/camera_control_msgs/srv/_package_GetIntegerValue.lisp)
Linked: (/home/docker/catkin_ws/devel/.private/camera_control_msgs/share/common-lisp/ros/camera_control_msgs/srv/_package_GetCamProperties.lisp, /home/docker/catkin_ws/devel/share/common-lisp/ros/camera_control_msgs/srv/_package_GetCamProperties.lisp)
Linked: (/home/docker/catkin_ws/devel/.private/camera_control_msgs/share/common-lisp/ros/camera_control_msgs/srv/_package_SetExposure.lisp, /home/docker/catkin_ws/devel/share/common-lisp/ros/camera_control_msgs/srv/_package_SetExposure.lisp)
Linked: (/home/docker/catkin_ws/devel/.private/camera_control_msgs/share/common-lisp/ros/camera_control_msgs/srv/_package_SetROI.lisp, /home/docker/catkin_ws/devel/share/common-lisp/ros/camera_control_msgs/srv/_package_SetROI.lisp)
Linked: (/home/docker/catkin_ws/devel/.private/camera_control_msgs/share/common-lisp/ros/camera_control_msgs/srv/_package_GetFloatValue.lisp, /home/docker/catkin_ws/devel/share/common-lisp/ros/camera_control_msgs/srv/_package_GetFloatValue.lisp)
Linked: (/home/docker/catkin_ws/devel/.private/camera_control_msgs/share/common-lisp/ros/camera_control_msgs/srv/SetWhiteBalance.lisp, /home/docker/catkin_ws/devel/share/common-lisp/ros/camera_control_msgs/srv/SetWhiteBalance.lisp)
Linked: (/home/docker/catkin_ws/devel/.private/camera_control_msgs/share/common-lisp/ros/camera_control_msgs/srv/GetIntegerValue.lisp, /home/docker/catkin_ws/devel/share/common-lisp/ros/camera_control_msgs/srv/GetIntegerValue.lisp)
Linked: (/home/docker/catkin_ws/devel/.private/camera_control_msgs/share/common-lisp/ros/camera_control_msgs/srv/SetSleeping.lisp, /home/docker/catkin_ws/devel/share/common-lisp/ros/camera_control_msgs/srv/SetSleeping.lisp)
Linked: (/home/docker/catkin_ws/devel/.private/camera_control_msgs/share/common-lisp/ros/camera_control_msgs/srv/SetROI.lisp, /home/docker/catkin_ws/devel/share/common-lisp/ros/camera_control_msgs/srv/SetROI.lisp)
Linked: (/home/docker/catkin_ws/devel/.private/camera_control_msgs/share/common-lisp/ros/camera_control_msgs/srv/camera_control_msgs-srv.asd, /home/docker/catkin_ws/devel/share/common-lisp/ros/camera_control_msgs/srv/camera_control_msgs-srv.asd)
Linked: (/home/docker/catkin_ws/devel/.private/camera_control_msgs/share/common-lisp/ros/camera_control_msgs/srv/GetCamProperties.lisp, /home/docker/catkin_ws/devel/share/common-lisp/ros/camera_control_msgs/srv/GetCamProperties.lisp)
Linked: (/home/docker/catkin_ws/devel/.private/camera_control_msgs/share/common-lisp/ros/camera_control_msgs/srv/_package.lisp, /home/docker/catkin_ws/devel/share/common-lisp/ros/camera_control_msgs/srv/_package.lisp)
Linked: (/home/docker/catkin_ws/devel/.private/camera_control_msgs/share/common-lisp/ros/camera_control_msgs/srv/SetGain.lisp, /home/docker/catkin_ws/devel/share/common-lisp/ros/camera_control_msgs/srv/SetGain.lisp)
Linked: (/home/docker/catkin_ws/devel/.private/camera_control_msgs/share/common-lisp/ros/camera_control_msgs/srv/SetGamma.lisp, /home/docker/catkin_ws/devel/share/common-lisp/ros/camera_control_msgs/srv/SetGamma.lisp)
Linked: (/home/docker/catkin_ws/devel/.private/camera_control_msgs/share/common-lisp/ros/camera_control_msgs/srv/_package_SetFloatValue.lisp, /home/docker/catkin_ws/devel/share/common-lisp/ros/camera_control_msgs/srv/_package_SetFloatValue.lisp)
Linked: (/home/docker/catkin_ws/devel/.private/camera_control_msgs/share/common-lisp/ros/camera_control_msgs/srv/SetBrightness.lisp, /home/docker/catkin_ws/devel/share/common-lisp/ros/camera_control_msgs/srv/SetBrightness.lisp)
Linked: (/home/docker/catkin_ws/devel/.private/camera_control_msgs/share/common-lisp/ros/camera_control_msgs/srv/SetIntegerValue.lisp, /home/docker/catkin_ws/devel/share/common-lisp/ros/camera_control_msgs/srv/SetIntegerValue.lisp)
Linked: (/home/docker/catkin_ws/devel/.private/camera_control_msgs/share/common-lisp/ros/camera_control_msgs/srv/_package_SetGain.lisp, /home/docker/catkin_ws/devel/share/common-lisp/ros/camera_control_msgs/srv/_package_SetGain.lisp)
Linked: (/home/docker/catkin_ws/devel/.private/camera_control_msgs/share/common-lisp/ros/camera_control_msgs/srv/_package_SetBrightness.lisp, /home/docker/catkin_ws/devel/share/common-lisp/ros/camera_control_msgs/srv/_package_SetBrightness.lisp)
Linked: (/home/docker/catkin_ws/devel/.private/camera_control_msgs/share/common-lisp/ros/camera_control_msgs/srv/SetExposure.lisp, /home/docker/catkin_ws/devel/share/common-lisp/ros/camera_control_msgs/srv/SetExposure.lisp)
Linked: (/home/docker/catkin_ws/devel/.private/camera_control_msgs/share/common-lisp/ros/camera_control_msgs/srv/_package_SetGamma.lisp, /home/docker/catkin_ws/devel/share/common-lisp/ros/camera_control_msgs/srv/_package_SetGamma.lisp)
Linked: (/home/docker/catkin_ws/devel/.private/camera_control_msgs/share/common-lisp/ros/camera_control_msgs/srv/_package_SetStringValue.lisp, /home/docker/catkin_ws/devel/share/common-lisp/ros/camera_control_msgs/srv/_package_SetStringValue.lisp)
Linked: (/home/docker/catkin_ws/devel/.private/camera_control_msgs/share/common-lisp/ros/camera_control_msgs/srv/_package_SetWhiteBalance.lisp, /home/docker/catkin_ws/devel/share/common-lisp/ros/camera_control_msgs/srv/_package_SetWhiteBalance.lisp)
Linked: (/home/docker/catkin_ws/devel/.private/camera_control_msgs/share/roseus/ros/camera_control_msgs/manifest.l, /home/docker/catkin_ws/devel/share/roseus/ros/camera_control_msgs/manifest.l)
Linked: (/home/docker/catkin_ws/devel/.private/camera_control_msgs/share/roseus/ros/camera_control_msgs/msg/GrabImagesActionGoal.l, /home/docker/catkin_ws/devel/share/roseus/ros/camera_control_msgs/msg/GrabImagesActionGoal.l)
Linked: (/home/docker/catkin_ws/devel/.private/camera_control_msgs/share/roseus/ros/camera_control_msgs/msg/GrabAndSaveImageResult.l, /home/docker/catkin_ws/devel/share/roseus/ros/camera_control_msgs/msg/GrabAndSaveImageResult.l)
Linked: (/home/docker/catkin_ws/devel/.private/camera_control_msgs/share/roseus/ros/camera_control_msgs/msg/GrabImagesActionFeedback.l, /home/docker/catkin_ws/devel/share/roseus/ros/camera_control_msgs/msg/GrabImagesActionFeedback.l)
Linked: (/home/docker/catkin_ws/devel/.private/camera_control_msgs/share/roseus/ros/camera_control_msgs/msg/GrabHDRImageActionResult.l, /home/docker/catkin_ws/devel/share/roseus/ros/camera_control_msgs/msg/GrabHDRImageActionResult.l)
Linked: (/home/docker/catkin_ws/devel/.private/camera_control_msgs/share/roseus/ros/camera_control_msgs/msg/GrabImagesAction.l, /home/docker/catkin_ws/devel/share/roseus/ros/camera_control_msgs/msg/GrabImagesAction.l)
Linked: (/home/docker/catkin_ws/devel/.private/camera_control_msgs/share/roseus/ros/camera_control_msgs/msg/GrabHDRImageActionGoal.l, /home/docker/catkin_ws/devel/share/roseus/ros/camera_control_msgs/msg/GrabHDRImageActionGoal.l)
Linked: (/home/docker/catkin_ws/devel/.private/camera_control_msgs/share/roseus/ros/camera_control_msgs/msg/GrabImagesActionResult.l, /home/docker/catkin_ws/devel/share/roseus/ros/camera_control_msgs/msg/GrabImagesActionResult.l)
Linked: (/home/docker/catkin_ws/devel/.private/camera_control_msgs/share/roseus/ros/camera_control_msgs/msg/GrabImagesResult.l, /home/docker/catkin_ws/devel/share/roseus/ros/camera_control_msgs/msg/GrabImagesResult.l)
Linked: (/home/docker/catkin_ws/devel/.private/camera_control_msgs/share/roseus/ros/camera_control_msgs/msg/GrabImagesFeedback.l, /home/docker/catkin_ws/devel/share/roseus/ros/camera_control_msgs/msg/GrabImagesFeedback.l)
Linked: (/home/docker/catkin_ws/devel/.private/camera_control_msgs/share/roseus/ros/camera_control_msgs/msg/GrabHDRImageFeedback.l, /home/docker/catkin_ws/devel/share/roseus/ros/camera_control_msgs/msg/GrabHDRImageFeedback.l)
Linked: (/home/docker/catkin_ws/devel/.private/camera_control_msgs/share/roseus/ros/camera_control_msgs/msg/GrabAndSaveImageActionResult.l, /home/docker/catkin_ws/devel/share/roseus/ros/camera_control_msgs/msg/GrabAndSaveImageActionResult.l)
Linked: (/home/docker/catkin_ws/devel/.private/camera_control_msgs/share/roseus/ros/camera_control_msgs/msg/GrabHDRImageResult.l, /home/docker/catkin_ws/devel/share/roseus/ros/camera_control_msgs/msg/GrabHDRImageResult.l)
Linked: (/home/docker/catkin_ws/devel/.private/camera_control_msgs/share/roseus/ros/camera_control_msgs/msg/GrabAndSaveImageAction.l, /home/docker/catkin_ws/devel/share/roseus/ros/camera_control_msgs/msg/GrabAndSaveImageAction.l)
Linked: (/home/docker/catkin_ws/devel/.private/camera_control_msgs/share/roseus/ros/camera_control_msgs/msg/GrabHDRImageActionFeedback.l, /home/docker/catkin_ws/devel/share/roseus/ros/camera_control_msgs/msg/GrabHDRImageActionFeedback.l)
Linked: (/home/docker/catkin_ws/devel/.private/camera_control_msgs/share/roseus/ros/camera_control_msgs/msg/GrabHDRImageGoal.l, /home/docker/catkin_ws/devel/share/roseus/ros/camera_control_msgs/msg/GrabHDRImageGoal.l)
Linked: (/home/docker/catkin_ws/devel/.private/camera_control_msgs/share/roseus/ros/camera_control_msgs/msg/GrabImagesGoal.l, /home/docker/catkin_ws/devel/share/roseus/ros/camera_control_msgs/msg/GrabImagesGoal.l)
Linked: (/home/docker/catkin_ws/devel/.private/camera_control_msgs/share/roseus/ros/camera_control_msgs/msg/currentParams.l, /home/docker/catkin_ws/devel/share/roseus/ros/camera_control_msgs/msg/currentParams.l)
Linked: (/home/docker/catkin_ws/devel/.private/camera_control_msgs/share/roseus/ros/camera_control_msgs/msg/GrabAndSaveImageActionFeedback.l, /home/docker/catkin_ws/devel/share/roseus/ros/camera_control_msgs/msg/GrabAndSaveImageActionFeedback.l)
Linked: (/home/docker/catkin_ws/devel/.private/camera_control_msgs/share/roseus/ros/camera_control_msgs/msg/GrabAndSaveImageActionGoal.l, /home/docker/catkin_ws/devel/share/roseus/ros/camera_control_msgs/msg/GrabAndSaveImageActionGoal.l)
Linked: (/home/docker/catkin_ws/devel/.private/camera_control_msgs/share/roseus/ros/camera_control_msgs/msg/GrabAndSaveImageGoal.l, /home/docker/catkin_ws/devel/share/roseus/ros/camera_control_msgs/msg/GrabAndSaveImageGoal.l)
Linked: (/home/docker/catkin_ws/devel/.private/camera_control_msgs/share/roseus/ros/camera_control_msgs/msg/GrabHDRImageAction.l, /home/docker/catkin_ws/devel/share/roseus/ros/camera_control_msgs/msg/GrabHDRImageAction.l)
Linked: (/home/docker/catkin_ws/devel/.private/camera_control_msgs/share/roseus/ros/camera_control_msgs/msg/GrabAndSaveImageFeedback.l, /home/docker/catkin_ws/devel/share/roseus/ros/camera_control_msgs/msg/GrabAndSaveImageFeedback.l)
Linked: (/home/docker/catkin_ws/devel/.private/camera_control_msgs/share/roseus/ros/camera_control_msgs/srv/SetStringValue.l, /home/docker/catkin_ws/devel/share/roseus/ros/camera_control_msgs/srv/SetStringValue.l)
Linked: (/home/docker/catkin_ws/devel/.private/camera_control_msgs/share/roseus/ros/camera_control_msgs/srv/GetFloatValue.l, /home/docker/catkin_ws/devel/share/roseus/ros/camera_control_msgs/srv/GetFloatValue.l)
Linked: (/home/docker/catkin_ws/devel/.private/camera_control_msgs/share/roseus/ros/camera_control_msgs/srv/SetSleeping.l, /home/docker/catkin_ws/devel/share/roseus/ros/camera_control_msgs/srv/SetSleeping.l)
Linked: (/home/docker/catkin_ws/devel/.private/camera_control_msgs/share/roseus/ros/camera_control_msgs/srv/GetCamProperties.l, /home/docker/catkin_ws/devel/share/roseus/ros/camera_control_msgs/srv/GetCamProperties.l)
Linked: (/home/docker/catkin_ws/devel/.private/camera_control_msgs/share/roseus/ros/camera_control_msgs/srv/SetGain.l, /home/docker/catkin_ws/devel/share/roseus/ros/camera_control_msgs/srv/SetGain.l)
Linked: (/home/docker/catkin_ws/devel/.private/camera_control_msgs/share/roseus/ros/camera_control_msgs/srv/SetGamma.l, /home/docker/catkin_ws/devel/share/roseus/ros/camera_control_msgs/srv/SetGamma.l)
Linked: (/home/docker/catkin_ws/devel/.private/camera_control_msgs/share/roseus/ros/camera_control_msgs/srv/SetWhiteBalance.l, /home/docker/catkin_ws/devel/share/roseus/ros/camera_control_msgs/srv/SetWhiteBalance.l)
Linked: (/home/docker/catkin_ws/devel/.private/camera_control_msgs/share/roseus/ros/camera_control_msgs/srv/GetIntegerValue.l, /home/docker/catkin_ws/devel/share/roseus/ros/camera_control_msgs/srv/GetIntegerValue.l)
Linked: (/home/docker/catkin_ws/devel/.private/camera_control_msgs/share/roseus/ros/camera_control_msgs/srv/SetBinning.l, /home/docker/catkin_ws/devel/share/roseus/ros/camera_control_msgs/srv/SetBinning.l)
Linked: (/home/docker/catkin_ws/devel/.private/camera_control_msgs/share/roseus/ros/camera_control_msgs/srv/SetIntegerValue.l, /home/docker/catkin_ws/devel/share/roseus/ros/camera_control_msgs/srv/SetIntegerValue.l)
Linked: (/home/docker/catkin_ws/devel/.private/camera_control_msgs/share/roseus/ros/camera_control_msgs/srv/SetBrightness.l, /home/docker/catkin_ws/devel/share/roseus/ros/camera_control_msgs/srv/SetBrightness.l)
Linked: (/home/docker/catkin_ws/devel/.private/camera_control_msgs/share/roseus/ros/camera_control_msgs/srv/SetROI.l, /home/docker/catkin_ws/devel/share/roseus/ros/camera_control_msgs/srv/SetROI.l)
Linked: (/home/docker/catkin_ws/devel/.private/camera_control_msgs/share/roseus/ros/camera_control_msgs/srv/SetFloatValue.l, /home/docker/catkin_ws/devel/share/roseus/ros/camera_control_msgs/srv/SetFloatValue.l)
Linked: (/home/docker/catkin_ws/devel/.private/camera_control_msgs/share/roseus/ros/camera_control_msgs/srv/SetExposure.l, /home/docker/catkin_ws/devel/share/roseus/ros/camera_control_msgs/srv/SetExposure.l)
Linked: (/home/docker/catkin_ws/devel/.private/camera_control_msgs/share/gennodejs/ros/camera_control_msgs/_index.js, /home/docker/catkin_ws/devel/share/gennodejs/ros/camera_control_msgs/_index.js)
Linked: (/home/docker/catkin_ws/devel/.private/camera_control_msgs/share/gennodejs/ros/camera_control_msgs/msg/GrabAndSaveImageActionFeedback.js, /home/docker/catkin_ws/devel/share/gennodejs/ros/camera_control_msgs/msg/GrabAndSaveImageActionFeedback.js)
Linked: (/home/docker/catkin_ws/devel/.private/camera_control_msgs/share/gennodejs/ros/camera_control_msgs/msg/GrabAndSaveImageActionResult.js, /home/docker/catkin_ws/devel/share/gennodejs/ros/camera_control_msgs/msg/GrabAndSaveImageActionResult.js)
Linked: (/home/docker/catkin_ws/devel/.private/camera_control_msgs/share/gennodejs/ros/camera_control_msgs/msg/GrabImagesGoal.js, /home/docker/catkin_ws/devel/share/gennodejs/ros/camera_control_msgs/msg/GrabImagesGoal.js)
Linked: (/home/docker/catkin_ws/devel/.private/camera_control_msgs/share/gennodejs/ros/camera_control_msgs/msg/GrabAndSaveImageActionGoal.js, /home/docker/catkin_ws/devel/share/gennodejs/ros/camera_control_msgs/msg/GrabAndSaveImageActionGoal.js)
Linked: (/home/docker/catkin_ws/devel/.private/camera_control_msgs/share/gennodejs/ros/camera_control_msgs/msg/GrabHDRImageActionFeedback.js, /home/docker/catkin_ws/devel/share/gennodejs/ros/camera_control_msgs/msg/GrabHDRImageActionFeedback.js)
Linked: (/home/docker/catkin_ws/devel/.private/camera_control_msgs/share/gennodejs/ros/camera_control_msgs/msg/GrabHDRImageAction.js, /home/docker/catkin_ws/devel/share/gennodejs/ros/camera_control_msgs/msg/GrabHDRImageAction.js)
Linked: (/home/docker/catkin_ws/devel/.private/camera_control_msgs/share/gennodejs/ros/camera_control_msgs/msg/GrabHDRImageActionResult.js, /home/docker/catkin_ws/devel/share/gennodejs/ros/camera_control_msgs/msg/GrabHDRImageActionResult.js)
Linked: (/home/docker/catkin_ws/devel/.private/camera_control_msgs/share/gennodejs/ros/camera_control_msgs/msg/currentParams.js, /home/docker/catkin_ws/devel/share/gennodejs/ros/camera_control_msgs/msg/currentParams.js)
Linked: (/home/docker/catkin_ws/devel/.private/camera_control_msgs/share/gennodejs/ros/camera_control_msgs/msg/GrabAndSaveImageGoal.js, /home/docker/catkin_ws/devel/share/gennodejs/ros/camera_control_msgs/msg/GrabAndSaveImageGoal.js)
Linked: (/home/docker/catkin_ws/devel/.private/camera_control_msgs/share/gennodejs/ros/camera_control_msgs/msg/GrabAndSaveImageFeedback.js, /home/docker/catkin_ws/devel/share/gennodejs/ros/camera_control_msgs/msg/GrabAndSaveImageFeedback.js)
Linked: (/home/docker/catkin_ws/devel/.private/camera_control_msgs/share/gennodejs/ros/camera_control_msgs/msg/GrabImagesActionResult.js, /home/docker/catkin_ws/devel/share/gennodejs/ros/camera_control_msgs/msg/GrabImagesActionResult.js)
Linked: (/home/docker/catkin_ws/devel/.private/camera_control_msgs/share/gennodejs/ros/camera_control_msgs/msg/GrabImagesFeedback.js, /home/docker/catkin_ws/devel/share/gennodejs/ros/camera_control_msgs/msg/GrabImagesFeedback.js)
Linked: (/home/docker/catkin_ws/devel/.private/camera_control_msgs/share/gennodejs/ros/camera_control_msgs/msg/GrabImagesActionFeedback.js, /home/docker/catkin_ws/devel/share/gennodejs/ros/camera_control_msgs/msg/GrabImagesActionFeedback.js)
Linked: (/home/docker/catkin_ws/devel/.private/camera_control_msgs/share/gennodejs/ros/camera_control_msgs/msg/GrabImagesAction.js, /home/docker/catkin_ws/devel/share/gennodejs/ros/camera_control_msgs/msg/GrabImagesAction.js)
Linked: (/home/docker/catkin_ws/devel/.private/camera_control_msgs/share/gennodejs/ros/camera_control_msgs/msg/GrabImagesActionGoal.js, /home/docker/catkin_ws/devel/share/gennodejs/ros/camera_control_msgs/msg/GrabImagesActionGoal.js)
Linked: (/home/docker/catkin_ws/devel/.private/camera_control_msgs/share/gennodejs/ros/camera_control_msgs/msg/GrabHDRImageFeedback.js, /home/docker/catkin_ws/devel/share/gennodejs/ros/camera_control_msgs/msg/GrabHDRImageFeedback.js)
Linked: (/home/docker/catkin_ws/devel/.private/camera_control_msgs/share/gennodejs/ros/camera_control_msgs/msg/GrabAndSaveImageAction.js, /home/docker/catkin_ws/devel/share/gennodejs/ros/camera_control_msgs/msg/GrabAndSaveImageAction.js)
Linked: (/home/docker/catkin_ws/devel/.private/camera_control_msgs/share/gennodejs/ros/camera_control_msgs/msg/_index.js, /home/docker/catkin_ws/devel/share/gennodejs/ros/camera_control_msgs/msg/_index.js)
Linked: (/home/docker/catkin_ws/devel/.private/camera_control_msgs/share/gennodejs/ros/camera_control_msgs/msg/GrabHDRImageResult.js, /home/docker/catkin_ws/devel/share/gennodejs/ros/camera_control_msgs/msg/GrabHDRImageResult.js)
Linked: (/home/docker/catkin_ws/devel/.private/camera_control_msgs/share/gennodejs/ros/camera_control_msgs/msg/GrabHDRImageActionGoal.js, /home/docker/catkin_ws/devel/share/gennodejs/ros/camera_control_msgs/msg/GrabHDRImageActionGoal.js)
Linked: (/home/docker/catkin_ws/devel/.private/camera_control_msgs/share/gennodejs/ros/camera_control_msgs/msg/GrabHDRImageGoal.js, /home/docker/catkin_ws/devel/share/gennodejs/ros/camera_control_msgs/msg/GrabHDRImageGoal.js)
Linked: (/home/docker/catkin_ws/devel/.private/camera_control_msgs/share/gennodejs/ros/camera_control_msgs/msg/GrabImagesResult.js, /home/docker/catkin_ws/devel/share/gennodejs/ros/camera_control_msgs/msg/GrabImagesResult.js)
Linked: (/home/docker/catkin_ws/devel/.private/camera_control_msgs/share/gennodejs/ros/camera_control_msgs/msg/GrabAndSaveImageResult.js, /home/docker/catkin_ws/devel/share/gennodejs/ros/camera_control_msgs/msg/GrabAndSaveImageResult.js)
Linked: (/home/docker/catkin_ws/devel/.private/camera_control_msgs/share/gennodejs/ros/camera_control_msgs/srv/GetFloatValue.js, /home/docker/catkin_ws/devel/share/gennodejs/ros/camera_control_msgs/srv/GetFloatValue.js)
Linked: (/home/docker/catkin_ws/devel/.private/camera_control_msgs/share/gennodejs/ros/camera_control_msgs/srv/SetBrightness.js, /home/docker/catkin_ws/devel/share/gennodejs/ros/camera_control_msgs/srv/SetBrightness.js)
Linked: (/home/docker/catkin_ws/devel/.private/camera_control_msgs/share/gennodejs/ros/camera_control_msgs/srv/SetGain.js, /home/docker/catkin_ws/devel/share/gennodejs/ros/camera_control_msgs/srv/SetGain.js)
Linked: (/home/docker/catkin_ws/devel/.private/camera_control_msgs/share/gennodejs/ros/camera_control_msgs/srv/SetWhiteBalance.js, /home/docker/catkin_ws/devel/share/gennodejs/ros/camera_control_msgs/srv/SetWhiteBalance.js)
Linked: (/home/docker/catkin_ws/devel/.private/camera_control_msgs/share/gennodejs/ros/camera_control_msgs/srv/SetSleeping.js, /home/docker/catkin_ws/devel/share/gennodejs/ros/camera_control_msgs/srv/SetSleeping.js)
Linked: (/home/docker/catkin_ws/devel/.private/camera_control_msgs/share/gennodejs/ros/camera_control_msgs/srv/SetStringValue.js, /home/docker/catkin_ws/devel/share/gennodejs/ros/camera_control_msgs/srv/SetStringValue.js)
Linked: (/home/docker/catkin_ws/devel/.private/camera_control_msgs/share/gennodejs/ros/camera_control_msgs/srv/SetGamma.js, /home/docker/catkin_ws/devel/share/gennodejs/ros/camera_control_msgs/srv/SetGamma.js)
Linked: (/home/docker/catkin_ws/devel/.private/camera_control_msgs/share/gennodejs/ros/camera_control_msgs/srv/GetIntegerValue.js, /home/docker/catkin_ws/devel/share/gennodejs/ros/camera_control_msgs/srv/GetIntegerValue.js)
Linked: (/home/docker/catkin_ws/devel/.private/camera_control_msgs/share/gennodejs/ros/camera_control_msgs/srv/SetIntegerValue.js, /home/docker/catkin_ws/devel/share/gennodejs/ros/camera_control_msgs/srv/SetIntegerValue.js)
Linked: (/home/docker/catkin_ws/devel/.private/camera_control_msgs/share/gennodejs/ros/camera_control_msgs/srv/_index.js, /home/docker/catkin_ws/devel/share/gennodejs/ros/camera_control_msgs/srv/_index.js)
Linked: (/home/docker/catkin_ws/devel/.private/camera_control_msgs/share/gennodejs/ros/camera_control_msgs/srv/SetROI.js, /home/docker/catkin_ws/devel/share/gennodejs/ros/camera_control_msgs/srv/SetROI.js)
Linked: (/home/docker/catkin_ws/devel/.private/camera_control_msgs/share/gennodejs/ros/camera_control_msgs/srv/GetCamProperties.js, /home/docker/catkin_ws/devel/share/gennodejs/ros/camera_control_msgs/srv/GetCamProperties.js)
Linked: (/home/docker/catkin_ws/devel/.private/camera_control_msgs/share/gennodejs/ros/camera_control_msgs/srv/SetFloatValue.js, /home/docker/catkin_ws/devel/share/gennodejs/ros/camera_control_msgs/srv/SetFloatValue.js)
Linked: (/home/docker/catkin_ws/devel/.private/camera_control_msgs/share/gennodejs/ros/camera_control_msgs/srv/SetBinning.js, /home/docker/catkin_ws/devel/share/gennodejs/ros/camera_control_msgs/srv/SetBinning.js)
Linked: (/home/docker/catkin_ws/devel/.private/camera_control_msgs/share/gennodejs/ros/camera_control_msgs/srv/SetExposure.js, /home/docker/catkin_ws/devel/share/gennodejs/ros/camera_control_msgs/srv/SetExposure.js)
Linked: (/home/docker/catkin_ws/devel/.private/camera_control_msgs/share/camera_control_msgs/cmake/camera_control_msgsConfig.cmake, /home/docker/catkin_ws/devel/share/camera_control_msgs/cmake/camera_control_msgsConfig.cmake)
Linked: (/home/docker/catkin_ws/devel/.private/camera_control_msgs/share/camera_control_msgs/cmake/camera_control_msgs-msg-extras.cmake, /home/docker/catkin_ws/devel/share/camera_control_msgs/cmake/camera_control_msgs-msg-extras.cmake)
Linked: (/home/docker/catkin_ws/devel/.private/camera_control_msgs/share/camera_control_msgs/cmake/camera_control_msgs-msg-paths.cmake, /home/docker/catkin_ws/devel/share/camera_control_msgs/cmake/camera_control_msgs-msg-paths.cmake)
Linked: (/home/docker/catkin_ws/devel/.private/camera_control_msgs/share/camera_control_msgs/cmake/camera_control_msgsConfig-version.cmake, /home/docker/catkin_ws/devel/share/camera_control_msgs/cmake/camera_control_msgsConfig-version.cmake)
Linked: (/home/docker/catkin_ws/devel/.private/camera_control_msgs/share/camera_control_msgs/msg/GrabAndSaveImageAction.msg, /home/docker/catkin_ws/devel/share/camera_control_msgs/msg/GrabAndSaveImageAction.msg)
Linked: (/home/docker/catkin_ws/devel/.private/camera_control_msgs/share/camera_control_msgs/msg/GrabAndSaveImageGoal.msg, /home/docker/catkin_ws/devel/share/camera_control_msgs/msg/GrabAndSaveImageGoal.msg)
Linked: (/home/docker/catkin_ws/devel/.private/camera_control_msgs/share/camera_control_msgs/msg/GrabImagesFeedback.msg, /home/docker/catkin_ws/devel/share/camera_control_msgs/msg/GrabImagesFeedback.msg)
Linked: (/home/docker/catkin_ws/devel/.private/camera_control_msgs/share/camera_control_msgs/msg/GrabHDRImageActionFeedback.msg, /home/docker/catkin_ws/devel/share/camera_control_msgs/msg/GrabHDRImageActionFeedback.msg)
Linked: (/home/docker/catkin_ws/devel/.private/camera_control_msgs/share/camera_control_msgs/msg/GrabAndSaveImageActionGoal.msg, /home/docker/catkin_ws/devel/share/camera_control_msgs/msg/GrabAndSaveImageActionGoal.msg)
Linked: (/home/docker/catkin_ws/devel/.private/camera_control_msgs/share/camera_control_msgs/msg/GrabAndSaveImageResult.msg, /home/docker/catkin_ws/devel/share/camera_control_msgs/msg/GrabAndSaveImageResult.msg)
Linked: (/home/docker/catkin_ws/devel/.private/camera_control_msgs/share/camera_control_msgs/msg/GrabHDRImageFeedback.msg, /home/docker/catkin_ws/devel/share/camera_control_msgs/msg/GrabHDRImageFeedback.msg)
Linked: (/home/docker/catkin_ws/devel/.private/camera_control_msgs/share/camera_control_msgs/msg/GrabImagesAction.msg, /home/docker/catkin_ws/devel/share/camera_control_msgs/msg/GrabImagesAction.msg)
Linked: (/home/docker/catkin_ws/devel/.private/camera_control_msgs/share/camera_control_msgs/msg/GrabImagesActionFeedback.msg, /home/docker/catkin_ws/devel/share/camera_control_msgs/msg/GrabImagesActionFeedback.msg)
Linked: (/home/docker/catkin_ws/devel/.private/camera_control_msgs/share/camera_control_msgs/msg/GrabHDRImageActionGoal.msg, /home/docker/catkin_ws/devel/share/camera_control_msgs/msg/GrabHDRImageActionGoal.msg)
Linked: (/home/docker/catkin_ws/devel/.private/camera_control_msgs/share/camera_control_msgs/msg/GrabHDRImageResult.msg, /home/docker/catkin_ws/devel/share/camera_control_msgs/msg/GrabHDRImageResult.msg)
Linked: (/home/docker/catkin_ws/devel/.private/camera_control_msgs/share/camera_control_msgs/msg/GrabAndSaveImageFeedback.msg, /home/docker/catkin_ws/devel/share/camera_control_msgs/msg/GrabAndSaveImageFeedback.msg)
Linked: (/home/docker/catkin_ws/devel/.private/camera_control_msgs/share/camera_control_msgs/msg/GrabHDRImageGoal.msg, /home/docker/catkin_ws/devel/share/camera_control_msgs/msg/GrabHDRImageGoal.msg)
Linked: (/home/docker/catkin_ws/devel/.private/camera_control_msgs/share/camera_control_msgs/msg/GrabAndSaveImageActionResult.msg, /home/docker/catkin_ws/devel/share/camera_control_msgs/msg/GrabAndSaveImageActionResult.msg)
Linked: (/home/docker/catkin_ws/devel/.private/camera_control_msgs/share/camera_control_msgs/msg/GrabAndSaveImageActionFeedback.msg, /home/docker/catkin_ws/devel/share/camera_control_msgs/msg/GrabAndSaveImageActionFeedback.msg)
Linked: (/home/docker/catkin_ws/devel/.private/camera_control_msgs/share/camera_control_msgs/msg/GrabImagesGoal.msg, /home/docker/catkin_ws/devel/share/camera_control_msgs/msg/GrabImagesGoal.msg)
Linked: (/home/docker/catkin_ws/devel/.private/camera_control_msgs/share/camera_control_msgs/msg/GrabImagesActionGoal.msg, /home/docker/catkin_ws/devel/share/camera_control_msgs/msg/GrabImagesActionGoal.msg)
Linked: (/home/docker/catkin_ws/devel/.private/camera_control_msgs/share/camera_control_msgs/msg/GrabImagesActionResult.msg, /home/docker/catkin_ws/devel/share/camera_control_msgs/msg/GrabImagesActionResult.msg)
Linked: (/home/docker/catkin_ws/devel/.private/camera_control_msgs/share/camera_control_msgs/msg/GrabHDRImageAction.msg, /home/docker/catkin_ws/devel/share/camera_control_msgs/msg/GrabHDRImageAction.msg)
Linked: (/home/docker/catkin_ws/devel/.private/camera_control_msgs/share/camera_control_msgs/msg/GrabHDRImageActionResult.msg, /home/docker/catkin_ws/devel/share/camera_control_msgs/msg/GrabHDRImageActionResult.msg)
Linked: (/home/docker/catkin_ws/devel/.private/camera_control_msgs/share/camera_control_msgs/msg/GrabImagesResult.msg, /home/docker/catkin_ws/devel/share/camera_control_msgs/msg/GrabImagesResult.msg)
Linked: (/home/docker/catkin_ws/devel/.private/camera_control_msgs/include/camera_control_msgs/SetSleepingRequest.h, /home/docker/catkin_ws/devel/include/camera_control_msgs/SetSleepingRequest.h)
Linked: (/home/docker/catkin_ws/devel/.private/camera_control_msgs/include/camera_control_msgs/GrabHDRImageFeedback.h, /home/docker/catkin_ws/devel/include/camera_control_msgs/GrabHDRImageFeedback.h)
Linked: (/home/docker/catkin_ws/devel/.private/camera_control_msgs/include/camera_control_msgs/SetSleepingResponse.h, /home/docker/catkin_ws/devel/include/camera_control_msgs/SetSleepingResponse.h)
Linked: (/home/docker/catkin_ws/devel/.private/camera_control_msgs/include/camera_control_msgs/SetGammaRequest.h, /home/docker/catkin_ws/devel/include/camera_control_msgs/SetGammaRequest.h)
Linked: (/home/docker/catkin_ws/devel/.private/camera_control_msgs/include/camera_control_msgs/SetSleeping.h, /home/docker/catkin_ws/devel/include/camera_control_msgs/SetSleeping.h)
Linked: (/home/docker/catkin_ws/devel/.private/camera_control_msgs/include/camera_control_msgs/GrabImagesFeedback.h, /home/docker/catkin_ws/devel/include/camera_control_msgs/GrabImagesFeedback.h)
Linked: (/home/docker/catkin_ws/devel/.private/camera_control_msgs/include/camera_control_msgs/GrabHDRImageResult.h, /home/docker/catkin_ws/devel/include/camera_control_msgs/GrabHDRImageResult.h)
Linked: (/home/docker/catkin_ws/devel/.private/camera_control_msgs/include/camera_control_msgs/SetBrightnessRequest.h, /home/docker/catkin_ws/devel/include/camera_control_msgs/SetBrightnessRequest.h)
Linked: (/home/docker/catkin_ws/devel/.private/camera_control_msgs/include/camera_control_msgs/GrabHDRImageGoal.h, /home/docker/catkin_ws/devel/include/camera_control_msgs/GrabHDRImageGoal.h)
Linked: (/home/docker/catkin_ws/devel/.private/camera_control_msgs/include/camera_control_msgs/SetWhiteBalanceResponse.h, /home/docker/catkin_ws/devel/include/camera_control_msgs/SetWhiteBalanceResponse.h)
Linked: (/home/docker/catkin_ws/devel/.private/camera_control_msgs/include/camera_control_msgs/GrabImagesGoal.h, /home/docker/catkin_ws/devel/include/camera_control_msgs/GrabImagesGoal.h)
Linked: (/home/docker/catkin_ws/devel/.private/camera_control_msgs/include/camera_control_msgs/SetStringValue.h, /home/docker/catkin_ws/devel/include/camera_control_msgs/SetStringValue.h)
Linked: (/home/docker/catkin_ws/devel/.private/camera_control_msgs/include/camera_control_msgs/SetBinningRequest.h, /home/docker/catkin_ws/devel/include/camera_control_msgs/SetBinningRequest.h)
Linked: (/home/docker/catkin_ws/devel/.private/camera_control_msgs/include/camera_control_msgs/SetGamma.h, /home/docker/catkin_ws/devel/include/camera_control_msgs/SetGamma.h)
Linked: (/home/docker/catkin_ws/devel/.private/camera_control_msgs/include/camera_control_msgs/SetGainRequest.h, /home/docker/catkin_ws/devel/include/camera_control_msgs/SetGainRequest.h)
Linked: (/home/docker/catkin_ws/devel/.private/camera_control_msgs/include/camera_control_msgs/GetCamPropertiesResponse.h, /home/docker/catkin_ws/devel/include/camera_control_msgs/GetCamPropertiesResponse.h)
Linked: (/home/docker/catkin_ws/devel/.private/camera_control_msgs/include/camera_control_msgs/GrabAndSaveImageGoal.h, /home/docker/catkin_ws/devel/include/camera_control_msgs/GrabAndSaveImageGoal.h)
Linked: (/home/docker/catkin_ws/devel/.private/camera_control_msgs/include/camera_control_msgs/SetIntegerValue.h, /home/docker/catkin_ws/devel/include/camera_control_msgs/SetIntegerValue.h)
Linked: (/home/docker/catkin_ws/devel/.private/camera_control_msgs/include/camera_control_msgs/SetGainResponse.h, /home/docker/catkin_ws/devel/include/camera_control_msgs/SetGainResponse.h)
Linked: (/home/docker/catkin_ws/devel/.private/camera_control_msgs/include/camera_control_msgs/GrabHDRImageActionGoal.h, /home/docker/catkin_ws/devel/include/camera_control_msgs/GrabHDRImageActionGoal.h)
Linked: (/home/docker/catkin_ws/devel/.private/camera_control_msgs/include/camera_control_msgs/GrabHDRImageActionFeedback.h, /home/docker/catkin_ws/devel/include/camera_control_msgs/GrabHDRImageActionFeedback.h)
Linked: (/home/docker/catkin_ws/devel/.private/camera_control_msgs/include/camera_control_msgs/SetWhiteBalance.h, /home/docker/catkin_ws/devel/include/camera_control_msgs/SetWhiteBalance.h)
Linked: (/home/docker/catkin_ws/devel/.private/camera_control_msgs/include/camera_control_msgs/SetIntegerValueRequest.h, /home/docker/catkin_ws/devel/include/camera_control_msgs/SetIntegerValueRequest.h)
Linked: (/home/docker/catkin_ws/devel/.private/camera_control_msgs/include/camera_control_msgs/SetWhiteBalanceRequest.h, /home/docker/catkin_ws/devel/include/camera_control_msgs/SetWhiteBalanceRequest.h)
Linked: (/home/docker/catkin_ws/devel/.private/camera_control_msgs/include/camera_control_msgs/GrabAndSaveImageResult.h, /home/docker/catkin_ws/devel/include/camera_control_msgs/GrabAndSaveImageResult.h)
Linked: (/home/docker/catkin_ws/devel/.private/camera_control_msgs/include/camera_control_msgs/GrabImagesResult.h, /home/docker/catkin_ws/devel/include/camera_control_msgs/GrabImagesResult.h)
Linked: (/home/docker/catkin_ws/devel/.private/camera_control_msgs/include/camera_control_msgs/GrabHDRImageActionResult.h, /home/docker/catkin_ws/devel/include/camera_control_msgs/GrabHDRImageActionResult.h)
Linked: (/home/docker/catkin_ws/devel/.private/camera_control_msgs/include/camera_control_msgs/GrabImagesActionGoal.h, /home/docker/catkin_ws/devel/include/camera_control_msgs/GrabImagesActionGoal.h)
Linked: (/home/docker/catkin_ws/devel/.private/camera_control_msgs/include/camera_control_msgs/GetIntegerValue.h, /home/docker/catkin_ws/devel/include/camera_control_msgs/GetIntegerValue.h)
Linked: (/home/docker/catkin_ws/devel/.private/camera_control_msgs/include/camera_control_msgs/SetGammaResponse.h, /home/docker/catkin_ws/devel/include/camera_control_msgs/SetGammaResponse.h)
Linked: (/home/docker/catkin_ws/devel/.private/camera_control_msgs/include/camera_control_msgs/GetFloatValueResponse.h, /home/docker/catkin_ws/devel/include/camera_control_msgs/GetFloatValueResponse.h)
Linked: (/home/docker/catkin_ws/devel/.private/camera_control_msgs/include/camera_control_msgs/SetExposure.h, /home/docker/catkin_ws/devel/include/camera_control_msgs/SetExposure.h)
Linked: (/home/docker/catkin_ws/devel/.private/camera_control_msgs/include/camera_control_msgs/SetFloatValueResponse.h, /home/docker/catkin_ws/devel/include/camera_control_msgs/SetFloatValueResponse.h)
Linked: (/home/docker/catkin_ws/devel/.private/camera_control_msgs/include/camera_control_msgs/GrabAndSaveImageAction.h, /home/docker/catkin_ws/devel/include/camera_control_msgs/GrabAndSaveImageAction.h)
Linked: (/home/docker/catkin_ws/devel/.private/camera_control_msgs/include/camera_control_msgs/SetGain.h, /home/docker/catkin_ws/devel/include/camera_control_msgs/SetGain.h)
Linked: (/home/docker/catkin_ws/devel/.private/camera_control_msgs/include/camera_control_msgs/SetROIRequest.h, /home/docker/catkin_ws/devel/include/camera_control_msgs/SetROIRequest.h)
Linked: (/home/docker/catkin_ws/devel/.private/camera_control_msgs/include/camera_control_msgs/SetStringValueResponse.h, /home/docker/catkin_ws/devel/include/camera_control_msgs/SetStringValueResponse.h)
Linked: (/home/docker/catkin_ws/devel/.private/camera_control_msgs/include/camera_control_msgs/GetCamPropertiesRequest.h, /home/docker/catkin_ws/devel/include/camera_control_msgs/GetCamPropertiesRequest.h)
Linked: (/home/docker/catkin_ws/devel/.private/camera_control_msgs/include/camera_control_msgs/SetFloatValue.h, /home/docker/catkin_ws/devel/include/camera_control_msgs/SetFloatValue.h)
Linked: (/home/docker/catkin_ws/devel/.private/camera_control_msgs/include/camera_control_msgs/GrabHDRImageAction.h, /home/docker/catkin_ws/devel/include/camera_control_msgs/GrabHDRImageAction.h)
Linked: (/home/docker/catkin_ws/devel/.private/camera_control_msgs/include/camera_control_msgs/GetFloatValue.h, /home/docker/catkin_ws/devel/include/camera_control_msgs/GetFloatValue.h)
Linked: (/home/docker/catkin_ws/devel/.private/camera_control_msgs/include/camera_control_msgs/GrabAndSaveImageFeedback.h, /home/docker/catkin_ws/devel/include/camera_control_msgs/GrabAndSaveImageFeedback.h)
Linked: (/home/docker/catkin_ws/devel/.private/camera_control_msgs/include/camera_control_msgs/GetIntegerValueRequest.h, /home/docker/catkin_ws/devel/include/camera_control_msgs/GetIntegerValueRequest.h)
Linked: (/home/docker/catkin_ws/devel/.private/camera_control_msgs/include/camera_control_msgs/GetCamProperties.h, /home/docker/catkin_ws/devel/include/camera_control_msgs/GetCamProperties.h)
Linked: (/home/docker/catkin_ws/devel/.private/camera_control_msgs/include/camera_control_msgs/SetIntegerValueResponse.h, /home/docker/catkin_ws/devel/include/camera_control_msgs/SetIntegerValueResponse.h)
Linked: (/home/docker/catkin_ws/devel/.private/camera_control_msgs/include/camera_control_msgs/SetBinningResponse.h, /home/docker/catkin_ws/devel/include/camera_control_msgs/SetBinningResponse.h)
Linked: (/home/docker/catkin_ws/devel/.private/camera_control_msgs/include/camera_control_msgs/GrabAndSaveImageActionGoal.h, /home/docker/catkin_ws/devel/include/camera_control_msgs/GrabAndSaveImageActionGoal.h)
Linked: (/home/docker/catkin_ws/devel/.private/camera_control_msgs/include/camera_control_msgs/currentParams.h, /home/docker/catkin_ws/devel/include/camera_control_msgs/currentParams.h)
Linked: (/home/docker/catkin_ws/devel/.private/camera_control_msgs/include/camera_control_msgs/SetBrightnessResponse.h, /home/docker/catkin_ws/devel/include/camera_control_msgs/SetBrightnessResponse.h)
Linked: (/home/docker/catkin_ws/devel/.private/camera_control_msgs/include/camera_control_msgs/SetROI.h, /home/docker/catkin_ws/devel/include/camera_control_msgs/SetROI.h)
Linked: (/home/docker/catkin_ws/devel/.private/camera_control_msgs/include/camera_control_msgs/GetFloatValueRequest.h, /home/docker/catkin_ws/devel/include/camera_control_msgs/GetFloatValueRequest.h)
Linked: (/home/docker/catkin_ws/devel/.private/camera_control_msgs/include/camera_control_msgs/SetBinning.h, /home/docker/catkin_ws/devel/include/camera_control_msgs/SetBinning.h)
Linked: (/home/docker/catkin_ws/devel/.private/camera_control_msgs/include/camera_control_msgs/SetStringValueRequest.h, /home/docker/catkin_ws/devel/include/camera_control_msgs/SetStringValueRequest.h)
Linked: (/home/docker/catkin_ws/devel/.private/camera_control_msgs/include/camera_control_msgs/GrabImagesActionFeedback.h, /home/docker/catkin_ws/devel/include/camera_control_msgs/GrabImagesActionFeedback.h)
Linked: (/home/docker/catkin_ws/devel/.private/camera_control_msgs/include/camera_control_msgs/SetExposureRequest.h, /home/docker/catkin_ws/devel/include/camera_control_msgs/SetExposureRequest.h)
Linked: (/home/docker/catkin_ws/devel/.private/camera_control_msgs/include/camera_control_msgs/SetFloatValueRequest.h, /home/docker/catkin_ws/devel/include/camera_control_msgs/SetFloatValueRequest.h)
Linked: (/home/docker/catkin_ws/devel/.private/camera_control_msgs/include/camera_control_msgs/SetBrightness.h, /home/docker/catkin_ws/devel/include/camera_control_msgs/SetBrightness.h)
Linked: (/home/docker/catkin_ws/devel/.private/camera_control_msgs/include/camera_control_msgs/GetIntegerValueResponse.h, /home/docker/catkin_ws/devel/include/camera_control_msgs/GetIntegerValueResponse.h)
Linked: (/home/docker/catkin_ws/devel/.private/camera_control_msgs/include/camera_control_msgs/GrabAndSaveImageActionResult.h, /home/docker/catkin_ws/devel/include/camera_control_msgs/GrabAndSaveImageActionResult.h)
Linked: (/home/docker/catkin_ws/devel/.private/camera_control_msgs/include/camera_control_msgs/SetExposureResponse.h, /home/docker/catkin_ws/devel/include/camera_control_msgs/SetExposureResponse.h)
Linked: (/home/docker/catkin_ws/devel/.private/camera_control_msgs/include/camera_control_msgs/SetROIResponse.h, /home/docker/catkin_ws/devel/include/camera_control_msgs/SetROIResponse.h)
Linked: (/home/docker/catkin_ws/devel/.private/camera_control_msgs/include/camera_control_msgs/GrabAndSaveImageActionFeedback.h, /home/docker/catkin_ws/devel/include/camera_control_msgs/GrabAndSaveImageActionFeedback.h)
Linked: (/home/docker/catkin_ws/devel/.private/camera_control_msgs/include/camera_control_msgs/GrabImagesAction.h, /home/docker/catkin_ws/devel/include/camera_control_msgs/GrabImagesAction.h)
Linked: (/home/docker/catkin_ws/devel/.private/camera_control_msgs/include/camera_control_msgs/GrabImagesActionResult.h, /home/docker/catkin_ws/devel/include/camera_control_msgs/GrabImagesActionResult.h)
