[  0%] Built target actionlib_msgs_generate_messages_py
[  0%] Built target sensor_msgs_generate_messages_py
[  0%] Built target _camera_control_msgs_generate_messages_check_deps_GrabAndSaveImageActionResult
[  0%] Built target _camera_control_msgs_generate_messages_check_deps_GrabHDRImageGoal
[  0%] Built target _camera_control_msgs_generate_messages_check_deps_SetWhiteBalance
[  0%] Built target _camera_control_msgs_generate_messages_check_deps_currentParams
[  0%] Built target _camera_control_msgs_generate_messages_check_deps_GrabAndSaveImageActionGoal
[  0%] Built target _camera_control_msgs_generate_messages_check_deps_GrabAndSaveImageFeedback
[  0%] Built target _camera_control_msgs_generate_messages_check_deps_GrabHDRImageActionResult
[  0%] Built target _camera_control_msgs_generate_messages_check_deps_GrabAndSaveImageActionFeedback
[  0%] Built target _camera_control_msgs_generate_messages_check_deps_GrabHDRImageAction
[  0%] Built target _camera_control_msgs_generate_messages_check_deps_GrabAndSaveImageGoal
[  0%] Built target _camera_control_msgs_generate_messages_check_deps_GrabAndSaveImageAction
[  0%] Built target _camera_control_msgs_generate_messages_check_deps_GrabHDRImageActionFeedback
[  0%] Built target _camera_control_msgs_generate_messages_check_deps_GrabHDRImageActionGoal
[  0%] Built target _camera_control_msgs_generate_messages_check_deps_GrabAndSaveImageResult
[  0%] Built target _camera_control_msgs_generate_messages_check_deps_GetCamProperties
[  0%] Built target _camera_control_msgs_generate_messages_check_deps_GrabImagesAction
[  0%] Built target _camera_control_msgs_generate_messages_check_deps_GrabImagesActionGoal
[  0%] Built target _camera_control_msgs_generate_messages_check_deps_GrabImagesGoal
[  0%] Built target _camera_control_msgs_generate_messages_check_deps_GrabHDRImageFeedback
[  0%] Built target _camera_control_msgs_generate_messages_check_deps_GrabImagesResult
[  0%] Built target _camera_control_msgs_generate_messages_check_deps_SetBinning
[  0%] Built target _camera_control_msgs_generate_messages_check_deps_GrabHDRImageResult
[  0%] Built target _camera_control_msgs_generate_messages_check_deps_GetFloatValue
[  0%] Built target actionlib_msgs_generate_messages_cpp
[  0%] Built target sensor_msgs_generate_messages_cpp
[  0%] Built target actionlib_msgs_generate_messages_eus
[  0%] Built target _camera_control_msgs_generate_messages_check_deps_GrabImagesActionResult
[  0%] Built target sensor_msgs_generate_messages_eus
[  0%] Built target actionlib_msgs_generate_messages_lisp
[  0%] Built target sensor_msgs_generate_messages_lisp
[  0%] Built target _camera_control_msgs_generate_messages_check_deps_GetIntegerValue
[  0%] Built target actionlib_msgs_generate_messages_nodejs
[  0%] Built target _camera_control_msgs_generate_messages_check_deps_GrabImagesFeedback
[  0%] Built target _camera_control_msgs_generate_messages_check_deps_GrabImagesActionFeedback
[  0%] Built target sensor_msgs_generate_messages_nodejs
[  0%] Built target _camera_control_msgs_generate_messages_check_deps_SetExposure
[  0%] Built target _camera_control_msgs_generate_messages_check_deps_SetBrightness
[  0%] Built target _camera_control_msgs_generate_messages_check_deps_SetROI
[  0%] Built target _camera_control_msgs_generate_messages_check_deps_SetStringValue
[  0%] Built target _camera_control_msgs_generate_messages_check_deps_SetGain
[  0%] Built target _camera_control_msgs_generate_messages_check_deps_SetFloatValue
[  0%] Built target _camera_control_msgs_generate_messages_check_deps_SetIntegerValue
[  0%] Built target _camera_control_msgs_generate_messages_check_deps_SetGamma
[  0%] Built target _camera_control_msgs_generate_messages_check_deps_SetSleeping
[ 45%] Built target camera_control_msgs_generate_messages_nodejs
[ 51%] Built target camera_control_msgs_generate_messages_py
[ 58%] Built target camera_control_msgs_generate_messages_cpp
[ 92%] Built target camera_control_msgs_generate_messages_lisp
[100%] Built target camera_control_msgs_generate_messages_eus
[100%] Built target camera_control_msgs_generate_messages
